Connecting to database specified by database.yml
Connecting to database specified by database.yml
Connecting to database specified by database.yml
Connecting to database specified by database.yml
Connecting to database specified by database.yml
Connecting to database specified by database.yml
Connecting to database specified by database.yml
Connecting to database specified by database.yml
Connecting to database specified by database.yml
Connecting to database specified by database.yml
Connecting to database specified by database.yml
Connecting to database specified by database.yml
Connecting to database specified by database.yml
Connecting to database specified by database.yml
Connecting to database specified by database.yml
  [1m[36m (0.1ms)[0m  [1mselect sqlite_version(*)[0m
  [1m[35m (2.3ms)[0m  CREATE TABLE "schema_migrations" ("version" varchar(255) NOT NULL) 
  [1m[36m (0.1ms)[0m  [1mPRAGMA index_list("schema_migrations")[0m
  [1m[35m (1.1ms)[0m  CREATE UNIQUE INDEX "unique_schema_migrations" ON "schema_migrations" ("version")
  [1m[36m (0.1ms)[0m  [1mSELECT "schema_migrations"."version" FROM "schema_migrations" [0m
Migrating to CreateBookings (20130303081525)
  [1m[35m (0.0ms)[0m  begin transaction
  [1m[36m (0.6ms)[0m  [1mCREATE TABLE "bookings" ("id" INTEGER PRIMARY KEY AUTOINCREMENT NOT NULL, "booking_date" date, "customer_id" integer, "show_time" time, "movie_id" integer, "cinema_id" integer, "payment_id" integer, "created_at" datetime NOT NULL, "updated_at" datetime NOT NULL) [0m
  [1m[35m (0.1ms)[0m  INSERT INTO "schema_migrations" ("version") VALUES ('20130303081525')
  [1m[36m (1.3ms)[0m  [1mcommit transaction[0m
Migrating to CreateShows (20130303081602)
  [1m[35m (0.1ms)[0m  begin transaction
  [1m[36m (0.4ms)[0m  [1mCREATE TABLE "shows" ("id" INTEGER PRIMARY KEY AUTOINCREMENT NOT NULL, "show_time" time, "show_date" date, "show_type" varchar(255), "theater_id" integer, "cinema_id" integer, "created_at" datetime NOT NULL, "updated_at" datetime NOT NULL) [0m
  [1m[35m (0.1ms)[0m  INSERT INTO "schema_migrations" ("version") VALUES ('20130303081602')
  [1m[36m (1.8ms)[0m  [1mcommit transaction[0m
Migrating to CreateCinemas (20130303081611)
  [1m[35m (0.1ms)[0m  begin transaction
  [1m[36m (0.6ms)[0m  [1mCREATE TABLE "cinemas" ("id" INTEGER PRIMARY KEY AUTOINCREMENT NOT NULL, "name" varchar(255), "location" varchar(255), "created_at" datetime NOT NULL, "updated_at" datetime NOT NULL) [0m
  [1m[35m (0.1ms)[0m  INSERT INTO "schema_migrations" ("version") VALUES ('20130303081611')
  [1m[36m (1.2ms)[0m  [1mcommit transaction[0m
Migrating to CreateSeats (20130303081623)
  [1m[35m (0.1ms)[0m  begin transaction
  [1m[36m (0.4ms)[0m  [1mCREATE TABLE "seats" ("id" INTEGER PRIMARY KEY AUTOINCREMENT NOT NULL, "number" integer, "type" varchar(255), "theater_id" integer, "is_taken" boolean, "booking_id" integer, "created_at" datetime NOT NULL, "updated_at" datetime NOT NULL) [0m
  [1m[35m (0.1ms)[0m  INSERT INTO "schema_migrations" ("version") VALUES ('20130303081623')
  [1m[36m (1.3ms)[0m  [1mcommit transaction[0m
Migrating to CreateTheaters (20130303081634)
  [1m[35m (0.0ms)[0m  begin transaction
  [1m[36m (0.4ms)[0m  [1mCREATE TABLE "theaters" ("id" INTEGER PRIMARY KEY AUTOINCREMENT NOT NULL, "cinema_id" integer, "theater_number" integer, "created_at" datetime NOT NULL, "updated_at" datetime NOT NULL) [0m
  [1m[35m (0.1ms)[0m  INSERT INTO "schema_migrations" ("version") VALUES ('20130303081634')
  [1m[36m (1.2ms)[0m  [1mcommit transaction[0m
Migrating to CreatePayments (20130303081645)
  [1m[35m (0.1ms)[0m  begin transaction
  [1m[36m (0.4ms)[0m  [1mCREATE TABLE "payments" ("id" INTEGER PRIMARY KEY AUTOINCREMENT NOT NULL, "amount" integer, "date" datetime, "customer_id" integer, "created_at" datetime NOT NULL, "updated_at" datetime NOT NULL) [0m
  [1m[35m (0.1ms)[0m  INSERT INTO "schema_migrations" ("version") VALUES ('20130303081645')
  [1m[36m (1.3ms)[0m  [1mcommit transaction[0m
Migrating to CreateMovies (20130303081654)
  [1m[35m (0.1ms)[0m  begin transaction
  [1m[36m (0.5ms)[0m  [1mCREATE TABLE "movies" ("id" INTEGER PRIMARY KEY AUTOINCREMENT NOT NULL, "title" varchar(255), "duration" integer, "summary" varchar(255), "genre" varchar(255), "actors" varchar(255), "created_at" datetime NOT NULL, "updated_at" datetime NOT NULL) [0m
  [1m[35m (0.1ms)[0m  INSERT INTO "schema_migrations" ("version") VALUES ('20130303081654')
  [1m[36m (69.6ms)[0m  [1mcommit transaction[0m
Migrating to SorceryCore (20130303081933)
  [1m[35m (0.1ms)[0m  begin transaction
  [1m[36m (0.5ms)[0m  [1mCREATE TABLE "users" ("id" INTEGER PRIMARY KEY AUTOINCREMENT NOT NULL, "username" varchar(255) NOT NULL, "email" varchar(255), "crypted_password" varchar(255), "salt" varchar(255), "name" varchar(255), "is_customer" boolean, "is_admin" boolean, "is_manager" boolean, "reward_points" integer, "billing_address" varchar(255), "creditcard_num" integer, "creditcard_type" varchar(255), "security_num" integer, "created_at" datetime NOT NULL, "updated_at" datetime NOT NULL) [0m
  [1m[35m (0.1ms)[0m  INSERT INTO "schema_migrations" ("version") VALUES ('20130303081933')
  [1m[36m (1.1ms)[0m  [1mcommit transaction[0m
  [1m[35m (0.5ms)[0m  select sqlite_version(*)
  [1m[36m (0.2ms)[0m  [1mSELECT "schema_migrations"."version" FROM "schema_migrations" [0m
  [1m[35m (0.0ms)[0m  PRAGMA index_list("bookings")
  [1m[36m (0.0ms)[0m  [1mPRAGMA index_list("cinemas")[0m
  [1m[35m (0.0ms)[0m  PRAGMA index_list("movies")
  [1m[36m (0.0ms)[0m  [1mPRAGMA index_list("payments")[0m
  [1m[35m (0.0ms)[0m  PRAGMA index_list("seats")
  [1m[36m (0.0ms)[0m  [1mPRAGMA index_list("shows")[0m
  [1m[35m (0.0ms)[0m  PRAGMA index_list("theaters")
  [1m[36m (0.0ms)[0m  [1mPRAGMA index_list("users")[0m
Connecting to database specified by database.yml
Connecting to database specified by database.yml


Started GET "/" for 127.0.0.1 at 2013-03-03 11:36:19 +0300

ActionController::RoutingError (uninitialized constant UserController):
  activesupport (3.2.8) lib/active_support/inflector/methods.rb:230:in `block in constantize'
  activesupport (3.2.8) lib/active_support/inflector/methods.rb:229:in `each'
  activesupport (3.2.8) lib/active_support/inflector/methods.rb:229:in `constantize'
  actionpack (3.2.8) lib/action_dispatch/routing/route_set.rb:69:in `controller_reference'
  actionpack (3.2.8) lib/action_dispatch/routing/route_set.rb:54:in `controller'
  actionpack (3.2.8) lib/action_dispatch/routing/route_set.rb:32:in `call'
  journey (1.0.4) lib/journey/router.rb:68:in `block in call'
  journey (1.0.4) lib/journey/router.rb:56:in `each'
  journey (1.0.4) lib/journey/router.rb:56:in `call'
  actionpack (3.2.8) lib/action_dispatch/routing/route_set.rb:600:in `call'
  actionpack (3.2.8) lib/action_dispatch/middleware/best_standards_support.rb:17:in `call'
  rack (1.4.5) lib/rack/etag.rb:23:in `call'
  rack (1.4.5) lib/rack/conditionalget.rb:25:in `call'
  actionpack (3.2.8) lib/action_dispatch/middleware/head.rb:14:in `call'
  actionpack (3.2.8) lib/action_dispatch/middleware/params_parser.rb:21:in `call'
  actionpack (3.2.8) lib/action_dispatch/middleware/flash.rb:242:in `call'
  rack (1.4.5) lib/rack/session/abstract/id.rb:210:in `context'
  rack (1.4.5) lib/rack/session/abstract/id.rb:205:in `call'
  actionpack (3.2.8) lib/action_dispatch/middleware/cookies.rb:339:in `call'
  activerecord (3.2.8) lib/active_record/query_cache.rb:64:in `call'
  activerecord (3.2.8) lib/active_record/connection_adapters/abstract/connection_pool.rb:473:in `call'
  actionpack (3.2.8) lib/action_dispatch/middleware/callbacks.rb:28:in `block in call'
  activesupport (3.2.8) lib/active_support/callbacks.rb:405:in `_run__3887839945877055720__call__811885740805979203__callbacks'
  activesupport (3.2.8) lib/active_support/callbacks.rb:405:in `__run_callback'
  activesupport (3.2.8) lib/active_support/callbacks.rb:385:in `_run_call_callbacks'
  activesupport (3.2.8) lib/active_support/callbacks.rb:81:in `run_callbacks'
  actionpack (3.2.8) lib/action_dispatch/middleware/callbacks.rb:27:in `call'
  actionpack (3.2.8) lib/action_dispatch/middleware/reloader.rb:65:in `call'
  actionpack (3.2.8) lib/action_dispatch/middleware/remote_ip.rb:31:in `call'
  actionpack (3.2.8) lib/action_dispatch/middleware/debug_exceptions.rb:16:in `call'
  actionpack (3.2.8) lib/action_dispatch/middleware/show_exceptions.rb:56:in `call'
  railties (3.2.8) lib/rails/rack/logger.rb:26:in `call_app'
  railties (3.2.8) lib/rails/rack/logger.rb:16:in `call'
  actionpack (3.2.8) lib/action_dispatch/middleware/request_id.rb:22:in `call'
  rack (1.4.5) lib/rack/methodoverride.rb:21:in `call'
  rack (1.4.5) lib/rack/runtime.rb:17:in `call'
  activesupport (3.2.8) lib/active_support/cache/strategy/local_cache.rb:72:in `call'
  rack (1.4.5) lib/rack/lock.rb:15:in `call'
  actionpack (3.2.8) lib/action_dispatch/middleware/static.rb:62:in `call'
  railties (3.2.8) lib/rails/engine.rb:479:in `call'
  railties (3.2.8) lib/rails/application.rb:223:in `call'
  rack (1.4.5) lib/rack/content_length.rb:14:in `call'
  railties (3.2.8) lib/rails/rack/log_tailer.rb:17:in `call'
  thin (1.5.0) lib/thin/connection.rb:81:in `block in pre_process'
  thin (1.5.0) lib/thin/connection.rb:79:in `catch'
  thin (1.5.0) lib/thin/connection.rb:79:in `pre_process'
  thin (1.5.0) lib/thin/connection.rb:54:in `process'
  thin (1.5.0) lib/thin/connection.rb:39:in `receive_data'
  eventmachine (1.0.0) lib/eventmachine.rb:187:in `run_machine'
  eventmachine (1.0.0) lib/eventmachine.rb:187:in `run'
  thin (1.5.0) lib/thin/backends/base.rb:63:in `start'
  thin (1.5.0) lib/thin/server.rb:159:in `start'
  rack (1.4.5) lib/rack/handler/thin.rb:13:in `run'
  rack (1.4.5) lib/rack/server.rb:268:in `start'
  railties (3.2.8) lib/rails/commands/server.rb:70:in `start'
  railties (3.2.8) lib/rails/commands.rb:55:in `block in <top (required)>'
  railties (3.2.8) lib/rails/commands.rb:50:in `tap'
  railties (3.2.8) lib/rails/commands.rb:50:in `<top (required)>'
  script/rails:6:in `require'
  script/rails:6:in `<main>'


  Rendered /Users/sarahmustafa/.rvm/gems/ruby-1.9.3-p194/gems/actionpack-3.2.8/lib/action_dispatch/middleware/templates/rescues/routing_error.erb within rescues/layout (8.7ms)
Connecting to database specified by database.yml
Connecting to database specified by database.yml
  [1m[36m (0.2ms)[0m  [1mSELECT "schema_migrations"."version" FROM "schema_migrations" [0m
Migrating to CreateBookings (20130303081525)
Migrating to CreateShows (20130303081602)
Migrating to CreateCinemas (20130303081611)
Migrating to CreateSeats (20130303081623)
Migrating to CreateTheaters (20130303081634)
Migrating to CreatePayments (20130303081645)
Migrating to CreateMovies (20130303081654)
Migrating to SorceryCore (20130303081933)
  [1m[35m (0.3ms)[0m  select sqlite_version(*)
  [1m[36m (0.1ms)[0m  [1mSELECT "schema_migrations"."version" FROM "schema_migrations" [0m
  [1m[35m (0.0ms)[0m  PRAGMA index_list("bookings")
  [1m[36m (0.0ms)[0m  [1mPRAGMA index_list("cinemas")[0m
  [1m[35m (0.0ms)[0m  PRAGMA index_list("movies")
  [1m[36m (0.0ms)[0m  [1mPRAGMA index_list("payments")[0m
  [1m[35m (0.1ms)[0m  PRAGMA index_list("seats")
  [1m[36m (0.0ms)[0m  [1mPRAGMA index_list("shows")[0m
  [1m[35m (0.0ms)[0m  PRAGMA index_list("theaters")
  [1m[36m (0.1ms)[0m  [1mPRAGMA index_list("users")[0m
Connecting to database specified by database.yml
Connecting to database specified by database.yml
Connecting to database specified by database.yml
Connecting to database specified by database.yml
Connecting to database specified by database.yml
Connecting to database specified by database.yml


Started GET "/" for 127.0.0.1 at 2013-03-03 11:56:30 +0300
Processing by UsersController#index as HTML
  [1m[36mUser Load (0.2ms)[0m  [1mSELECT "users".* FROM "users" [0m
  Rendered users/index.html.erb within layouts/application (4.3ms)
Compiled bookings.css  (25ms)  (pid 53099)
Compiled cinemas.css  (2ms)  (pid 53099)
Compiled movies.css  (2ms)  (pid 53099)
Compiled payments.css  (2ms)  (pid 53099)
Compiled scaffolds.css  (26ms)  (pid 53099)
Compiled seats.css  (1ms)  (pid 53099)
Compiled shows.css  (2ms)  (pid 53099)
Compiled theaters.css  (2ms)  (pid 53099)
Compiled user_sessions.css  (1ms)  (pid 53099)
Compiled users.css  (2ms)  (pid 53099)
Compiled application.css  (302ms)  (pid 53099)
Compiled jquery.js  (2ms)  (pid 53099)
Compiled jquery_ujs.js  (0ms)  (pid 53099)
Compiled bookings.js  (232ms)  (pid 53099)
Compiled cinemas.js  (1ms)  (pid 53099)
Compiled movies.js  (1ms)  (pid 53099)
Compiled payments.js  (0ms)  (pid 53099)
Compiled seats.js  (0ms)  (pid 53099)
Compiled shows.js  (1ms)  (pid 53099)
Compiled theaters.js  (1ms)  (pid 53099)
Compiled user_sessions.js  (1ms)  (pid 53099)
Compiled users.js  (0ms)  (pid 53099)
Compiled application.js  (483ms)  (pid 53099)
Completed 200 OK in 1121ms (Views: 1118.4ms | ActiveRecord: 0.3ms)


Started GET "/assets/application.css?body=1" for 127.0.0.1 at 2013-03-03 11:56:32 +0300
Served asset /application.css - 200 OK (12ms)


Started GET "/assets/bookings.css?body=1" for 127.0.0.1 at 2013-03-03 11:56:32 +0300
Served asset /bookings.css - 200 OK (2ms)


Started GET "/assets/cinemas.css?body=1" for 127.0.0.1 at 2013-03-03 11:56:32 +0300
Served asset /cinemas.css - 200 OK (2ms)


Started GET "/assets/movies.css?body=1" for 127.0.0.1 at 2013-03-03 11:56:32 +0300
Served asset /movies.css - 200 OK (2ms)


Started GET "/assets/payments.css?body=1" for 127.0.0.1 at 2013-03-03 11:56:32 +0300
Served asset /payments.css - 200 OK (2ms)


Started GET "/assets/scaffolds.css?body=1" for 127.0.0.1 at 2013-03-03 11:56:32 +0300
Served asset /scaffolds.css - 200 OK (2ms)


Started GET "/assets/seats.css?body=1" for 127.0.0.1 at 2013-03-03 11:56:32 +0300
Served asset /seats.css - 200 OK (2ms)


Started GET "/assets/shows.css?body=1" for 127.0.0.1 at 2013-03-03 11:56:32 +0300
Served asset /shows.css - 200 OK (2ms)


Started GET "/assets/theaters.css?body=1" for 127.0.0.1 at 2013-03-03 11:56:32 +0300
Served asset /theaters.css - 200 OK (2ms)


Started GET "/assets/user_sessions.css?body=1" for 127.0.0.1 at 2013-03-03 11:56:32 +0300
Served asset /user_sessions.css - 200 OK (2ms)


Started GET "/assets/users.css?body=1" for 127.0.0.1 at 2013-03-03 11:56:32 +0300
Served asset /users.css - 200 OK (2ms)


Started GET "/assets/jquery.js?body=1" for 127.0.0.1 at 2013-03-03 11:56:32 +0300
Served asset /jquery.js - 200 OK (3ms)


Started GET "/assets/jquery_ujs.js?body=1" for 127.0.0.1 at 2013-03-03 11:56:32 +0300
Served asset /jquery_ujs.js - 200 OK (3ms)


Started GET "/assets/bookings.js?body=1" for 127.0.0.1 at 2013-03-03 11:56:32 +0300
Served asset /bookings.js - 200 OK (2ms)


Started GET "/assets/cinemas.js?body=1" for 127.0.0.1 at 2013-03-03 11:56:32 +0300
Served asset /cinemas.js - 200 OK (1ms)


Started GET "/assets/movies.js?body=1" for 127.0.0.1 at 2013-03-03 11:56:32 +0300
Served asset /movies.js - 200 OK (2ms)


Started GET "/assets/payments.js?body=1" for 127.0.0.1 at 2013-03-03 11:56:32 +0300
Served asset /payments.js - 200 OK (1ms)


Started GET "/assets/seats.js?body=1" for 127.0.0.1 at 2013-03-03 11:56:32 +0300
Served asset /seats.js - 200 OK (3ms)


Started GET "/assets/shows.js?body=1" for 127.0.0.1 at 2013-03-03 11:56:32 +0300
Served asset /shows.js - 200 OK (2ms)


Started GET "/assets/theaters.js?body=1" for 127.0.0.1 at 2013-03-03 11:56:32 +0300
Served asset /theaters.js - 200 OK (2ms)


Started GET "/assets/user_sessions.js?body=1" for 127.0.0.1 at 2013-03-03 11:56:32 +0300
Served asset /user_sessions.js - 200 OK (3ms)


Started GET "/assets/users.js?body=1" for 127.0.0.1 at 2013-03-03 11:56:32 +0300
Served asset /users.js - 200 OK (2ms)


Started GET "/assets/application.js?body=1" for 127.0.0.1 at 2013-03-03 11:56:32 +0300
Served asset /application.js - 200 OK (55ms)
Connecting to database specified by database.yml


Started GET "/" for 127.0.0.1 at 2013-03-03 11:58:18 +0300
Processing by UsersController#index as HTML
  [1m[36mUser Load (0.1ms)[0m  [1mSELECT "users".* FROM "users" [0m
  Rendered users/index.html.erb within layouts/application (5.3ms)
Completed 200 OK in 128ms (Views: 125.3ms | ActiveRecord: 0.3ms)


Started GET "/assets/application.css?body=1" for 127.0.0.1 at 2013-03-03 11:58:19 +0300
Served asset /application.css - 304 Not Modified (12ms)


Started GET "/assets/bookings.css?body=1" for 127.0.0.1 at 2013-03-03 11:58:19 +0300
Served asset /bookings.css - 304 Not Modified (2ms)


Started GET "/assets/cinemas.css?body=1" for 127.0.0.1 at 2013-03-03 11:58:19 +0300
Served asset /cinemas.css - 304 Not Modified (2ms)


Started GET "/assets/movies.css?body=1" for 127.0.0.1 at 2013-03-03 11:58:19 +0300
Served asset /movies.css - 304 Not Modified (2ms)


Started GET "/assets/payments.css?body=1" for 127.0.0.1 at 2013-03-03 11:58:19 +0300
Served asset /payments.css - 304 Not Modified (2ms)


Started GET "/assets/scaffolds.css?body=1" for 127.0.0.1 at 2013-03-03 11:58:19 +0300
Served asset /scaffolds.css - 304 Not Modified (2ms)


Started GET "/assets/seats.css?body=1" for 127.0.0.1 at 2013-03-03 11:58:19 +0300
Served asset /seats.css - 304 Not Modified (3ms)


Started GET "/assets/shows.css?body=1" for 127.0.0.1 at 2013-03-03 11:58:19 +0300
Served asset /shows.css - 304 Not Modified (2ms)


Started GET "/assets/theaters.css?body=1" for 127.0.0.1 at 2013-03-03 11:58:19 +0300
Served asset /theaters.css - 304 Not Modified (2ms)


Started GET "/assets/user_sessions.css?body=1" for 127.0.0.1 at 2013-03-03 11:58:19 +0300
Served asset /user_sessions.css - 304 Not Modified (2ms)


Started GET "/assets/users.css?body=1" for 127.0.0.1 at 2013-03-03 11:58:19 +0300
Served asset /users.css - 304 Not Modified (2ms)


Started GET "/assets/jquery.js?body=1" for 127.0.0.1 at 2013-03-03 11:58:19 +0300
Served asset /jquery.js - 304 Not Modified (2ms)


Started GET "/assets/jquery_ujs.js?body=1" for 127.0.0.1 at 2013-03-03 11:58:19 +0300
Served asset /jquery_ujs.js - 304 Not Modified (2ms)


Started GET "/assets/bookings.js?body=1" for 127.0.0.1 at 2013-03-03 11:58:19 +0300
Served asset /bookings.js - 304 Not Modified (2ms)


Started GET "/assets/cinemas.js?body=1" for 127.0.0.1 at 2013-03-03 11:58:19 +0300
Served asset /cinemas.js - 304 Not Modified (3ms)


Started GET "/assets/movies.js?body=1" for 127.0.0.1 at 2013-03-03 11:58:19 +0300
Served asset /movies.js - 304 Not Modified (2ms)


Started GET "/assets/payments.js?body=1" for 127.0.0.1 at 2013-03-03 11:58:19 +0300
Served asset /payments.js - 304 Not Modified (2ms)


Started GET "/assets/seats.js?body=1" for 127.0.0.1 at 2013-03-03 11:58:19 +0300
Served asset /seats.js - 304 Not Modified (1ms)


Started GET "/assets/shows.js?body=1" for 127.0.0.1 at 2013-03-03 11:58:19 +0300
Served asset /shows.js - 304 Not Modified (2ms)


Started GET "/assets/theaters.js?body=1" for 127.0.0.1 at 2013-03-03 11:58:19 +0300
Served asset /theaters.js - 304 Not Modified (1ms)


Started GET "/assets/user_sessions.js?body=1" for 127.0.0.1 at 2013-03-03 11:58:19 +0300
Served asset /user_sessions.js - 304 Not Modified (3ms)


Started GET "/assets/users.js?body=1" for 127.0.0.1 at 2013-03-03 11:58:19 +0300
Served asset /users.js - 304 Not Modified (1ms)


Started GET "/assets/application.js?body=1" for 127.0.0.1 at 2013-03-03 11:58:19 +0300
Served asset /application.js - 304 Not Modified (14ms)


Started GET "/users/new" for 127.0.0.1 at 2013-03-03 11:58:21 +0300
Processing by UsersController#new as HTML
  Rendered users/_form.html.erb (78.3ms)
  Rendered users/new.html.erb within layouts/application (99.2ms)
Completed 200 OK in 174ms (Views: 153.8ms | ActiveRecord: 0.0ms)


Started GET "/assets/application.css?body=1" for 127.0.0.1 at 2013-03-03 11:58:21 +0300
Served asset /application.css - 304 Not Modified (0ms)


Started GET "/assets/bookings.css?body=1" for 127.0.0.1 at 2013-03-03 11:58:21 +0300
Served asset /bookings.css - 304 Not Modified (0ms)


Started GET "/assets/cinemas.css?body=1" for 127.0.0.1 at 2013-03-03 11:58:21 +0300
Served asset /cinemas.css - 304 Not Modified (0ms)


Started GET "/assets/movies.css?body=1" for 127.0.0.1 at 2013-03-03 11:58:21 +0300
Served asset /movies.css - 304 Not Modified (0ms)


Started GET "/assets/payments.css?body=1" for 127.0.0.1 at 2013-03-03 11:58:21 +0300
Served asset /payments.css - 304 Not Modified (0ms)


Started GET "/assets/scaffolds.css?body=1" for 127.0.0.1 at 2013-03-03 11:58:21 +0300
Served asset /scaffolds.css - 304 Not Modified (0ms)


Started GET "/assets/seats.css?body=1" for 127.0.0.1 at 2013-03-03 11:58:21 +0300
Served asset /seats.css - 304 Not Modified (0ms)


Started GET "/assets/shows.css?body=1" for 127.0.0.1 at 2013-03-03 11:58:21 +0300
Served asset /shows.css - 304 Not Modified (0ms)


Started GET "/assets/theaters.css?body=1" for 127.0.0.1 at 2013-03-03 11:58:21 +0300
Served asset /theaters.css - 304 Not Modified (0ms)


Started GET "/assets/user_sessions.css?body=1" for 127.0.0.1 at 2013-03-03 11:58:21 +0300
Served asset /user_sessions.css - 304 Not Modified (0ms)


Started GET "/assets/users.css?body=1" for 127.0.0.1 at 2013-03-03 11:58:21 +0300
Served asset /users.css - 304 Not Modified (0ms)


Started GET "/assets/jquery.js?body=1" for 127.0.0.1 at 2013-03-03 11:58:21 +0300
Served asset /jquery.js - 304 Not Modified (0ms)


Started GET "/assets/jquery_ujs.js?body=1" for 127.0.0.1 at 2013-03-03 11:58:21 +0300
Served asset /jquery_ujs.js - 304 Not Modified (0ms)


Started GET "/assets/bookings.js?body=1" for 127.0.0.1 at 2013-03-03 11:58:21 +0300
Served asset /bookings.js - 304 Not Modified (0ms)


Started GET "/assets/cinemas.js?body=1" for 127.0.0.1 at 2013-03-03 11:58:21 +0300
Served asset /cinemas.js - 304 Not Modified (0ms)


Started GET "/assets/movies.js?body=1" for 127.0.0.1 at 2013-03-03 11:58:21 +0300
Served asset /movies.js - 304 Not Modified (0ms)


Started GET "/assets/payments.js?body=1" for 127.0.0.1 at 2013-03-03 11:58:21 +0300
Served asset /payments.js - 304 Not Modified (0ms)


Started GET "/assets/seats.js?body=1" for 127.0.0.1 at 2013-03-03 11:58:21 +0300
Served asset /seats.js - 304 Not Modified (0ms)


Started GET "/assets/shows.js?body=1" for 127.0.0.1 at 2013-03-03 11:58:21 +0300
Served asset /shows.js - 304 Not Modified (0ms)


Started GET "/assets/theaters.js?body=1" for 127.0.0.1 at 2013-03-03 11:58:21 +0300
Served asset /theaters.js - 304 Not Modified (0ms)


Started GET "/assets/user_sessions.js?body=1" for 127.0.0.1 at 2013-03-03 11:58:21 +0300
Served asset /user_sessions.js - 304 Not Modified (0ms)


Started GET "/assets/users.js?body=1" for 127.0.0.1 at 2013-03-03 11:58:21 +0300
Served asset /users.js - 304 Not Modified (0ms)


Started GET "/assets/application.js?body=1" for 127.0.0.1 at 2013-03-03 11:58:21 +0300
Served asset /application.js - 304 Not Modified (0ms)
Connecting to database specified by database.yml


Started GET "/users/new" for 127.0.0.1 at 2013-03-03 11:59:10 +0300
Processing by UsersController#new as HTML
  Rendered users/_form.html.erb (47.8ms)
  Rendered users/new.html.erb within layouts/application (55.4ms)
Completed 200 OK in 172ms (Views: 147.0ms | ActiveRecord: 0.1ms)


Started GET "/assets/application.css?body=1" for 127.0.0.1 at 2013-03-03 11:59:10 +0300
Served asset /application.css - 304 Not Modified (12ms)


Started GET "/assets/bookings.css?body=1" for 127.0.0.1 at 2013-03-03 11:59:10 +0300
Served asset /bookings.css - 304 Not Modified (2ms)


Started GET "/assets/cinemas.css?body=1" for 127.0.0.1 at 2013-03-03 11:59:10 +0300
Served asset /cinemas.css - 304 Not Modified (2ms)


Started GET "/assets/movies.css?body=1" for 127.0.0.1 at 2013-03-03 11:59:10 +0300
Served asset /movies.css - 304 Not Modified (3ms)


Started GET "/assets/payments.css?body=1" for 127.0.0.1 at 2013-03-03 11:59:10 +0300
Served asset /payments.css - 304 Not Modified (2ms)


Started GET "/assets/scaffolds.css?body=1" for 127.0.0.1 at 2013-03-03 11:59:10 +0300
Served asset /scaffolds.css - 304 Not Modified (2ms)


Started GET "/assets/seats.css?body=1" for 127.0.0.1 at 2013-03-03 11:59:10 +0300
Served asset /seats.css - 304 Not Modified (2ms)


Started GET "/assets/shows.css?body=1" for 127.0.0.1 at 2013-03-03 11:59:10 +0300
Served asset /shows.css - 304 Not Modified (2ms)


Started GET "/assets/theaters.css?body=1" for 127.0.0.1 at 2013-03-03 11:59:10 +0300
Served asset /theaters.css - 304 Not Modified (2ms)


Started GET "/assets/user_sessions.css?body=1" for 127.0.0.1 at 2013-03-03 11:59:10 +0300
Served asset /user_sessions.css - 304 Not Modified (2ms)


Started GET "/assets/users.css?body=1" for 127.0.0.1 at 2013-03-03 11:59:10 +0300
Served asset /users.css - 304 Not Modified (2ms)


Started GET "/assets/jquery.js?body=1" for 127.0.0.1 at 2013-03-03 11:59:10 +0300
Served asset /jquery.js - 304 Not Modified (3ms)


Started GET "/assets/jquery_ujs.js?body=1" for 127.0.0.1 at 2013-03-03 11:59:10 +0300
Served asset /jquery_ujs.js - 304 Not Modified (3ms)


Started GET "/assets/bookings.js?body=1" for 127.0.0.1 at 2013-03-03 11:59:10 +0300
Served asset /bookings.js - 304 Not Modified (2ms)


Started GET "/assets/cinemas.js?body=1" for 127.0.0.1 at 2013-03-03 11:59:10 +0300
Served asset /cinemas.js - 304 Not Modified (3ms)


Started GET "/assets/movies.js?body=1" for 127.0.0.1 at 2013-03-03 11:59:10 +0300
Served asset /movies.js - 304 Not Modified (2ms)


Started GET "/assets/payments.js?body=1" for 127.0.0.1 at 2013-03-03 11:59:10 +0300
Served asset /payments.js - 304 Not Modified (3ms)


Started GET "/assets/seats.js?body=1" for 127.0.0.1 at 2013-03-03 11:59:10 +0300
Served asset /seats.js - 304 Not Modified (1ms)


Started GET "/assets/shows.js?body=1" for 127.0.0.1 at 2013-03-03 11:59:10 +0300
Served asset /shows.js - 304 Not Modified (2ms)


Started GET "/assets/theaters.js?body=1" for 127.0.0.1 at 2013-03-03 11:59:10 +0300
Served asset /theaters.js - 304 Not Modified (2ms)


Started GET "/assets/user_sessions.js?body=1" for 127.0.0.1 at 2013-03-03 11:59:10 +0300
Served asset /user_sessions.js - 304 Not Modified (2ms)


Started GET "/assets/users.js?body=1" for 127.0.0.1 at 2013-03-03 11:59:10 +0300
Served asset /users.js - 304 Not Modified (1ms)


Started GET "/assets/application.js?body=1" for 127.0.0.1 at 2013-03-03 11:59:11 +0300
Served asset /application.js - 304 Not Modified (52ms)
Connecting to database specified by database.yml
Connecting to database specified by database.yml
Connecting to database specified by database.yml


Started GET "/users/new" for 127.0.0.1 at 2013-03-03 12:06:42 +0300
Processing by UsersController#new as HTML
  Rendered users/_form.html.erb (145.9ms)
  Rendered users/new.html.erb within layouts/application (168.2ms)
Completed 200 OK in 464ms (Views: 442.3ms | ActiveRecord: 0.2ms)


Started GET "/assets/application.css?body=1" for 127.0.0.1 at 2013-03-03 12:06:43 +0300
Served asset /application.css - 304 Not Modified (14ms)


Started GET "/assets/bookings.css?body=1" for 127.0.0.1 at 2013-03-03 12:06:43 +0300
Served asset /bookings.css - 304 Not Modified (2ms)


Started GET "/assets/cinemas.css?body=1" for 127.0.0.1 at 2013-03-03 12:06:43 +0300
Served asset /cinemas.css - 304 Not Modified (2ms)


Started GET "/assets/movies.css?body=1" for 127.0.0.1 at 2013-03-03 12:06:43 +0300
Served asset /movies.css - 304 Not Modified (2ms)


Started GET "/assets/payments.css?body=1" for 127.0.0.1 at 2013-03-03 12:06:43 +0300
Served asset /payments.css - 304 Not Modified (1ms)


Started GET "/assets/scaffolds.css?body=1" for 127.0.0.1 at 2013-03-03 12:06:43 +0300
Served asset /scaffolds.css - 304 Not Modified (2ms)


Started GET "/assets/seats.css?body=1" for 127.0.0.1 at 2013-03-03 12:06:43 +0300
Served asset /seats.css - 304 Not Modified (2ms)


Started GET "/assets/shows.css?body=1" for 127.0.0.1 at 2013-03-03 12:06:43 +0300
Served asset /shows.css - 304 Not Modified (3ms)


Started GET "/assets/theaters.css?body=1" for 127.0.0.1 at 2013-03-03 12:06:43 +0300
Served asset /theaters.css - 304 Not Modified (2ms)


Started GET "/assets/user_sessions.css?body=1" for 127.0.0.1 at 2013-03-03 12:06:43 +0300
Served asset /user_sessions.css - 304 Not Modified (2ms)


Started GET "/assets/users.css?body=1" for 127.0.0.1 at 2013-03-03 12:06:43 +0300
Served asset /users.css - 304 Not Modified (2ms)


Started GET "/assets/jquery.js?body=1" for 127.0.0.1 at 2013-03-03 12:06:43 +0300
Served asset /jquery.js - 304 Not Modified (4ms)


Started GET "/assets/jquery_ujs.js?body=1" for 127.0.0.1 at 2013-03-03 12:06:43 +0300
Served asset /jquery_ujs.js - 304 Not Modified (2ms)


Started GET "/assets/bookings.js?body=1" for 127.0.0.1 at 2013-03-03 12:06:43 +0300
Served asset /bookings.js - 304 Not Modified (3ms)


Started GET "/assets/cinemas.js?body=1" for 127.0.0.1 at 2013-03-03 12:06:43 +0300
Served asset /cinemas.js - 304 Not Modified (2ms)


Started GET "/assets/movies.js?body=1" for 127.0.0.1 at 2013-03-03 12:06:43 +0300
Served asset /movies.js - 304 Not Modified (2ms)


Started GET "/assets/payments.js?body=1" for 127.0.0.1 at 2013-03-03 12:06:43 +0300
Served asset /payments.js - 304 Not Modified (2ms)


Started GET "/assets/seats.js?body=1" for 127.0.0.1 at 2013-03-03 12:06:43 +0300
Served asset /seats.js - 304 Not Modified (3ms)


Started GET "/assets/shows.js?body=1" for 127.0.0.1 at 2013-03-03 12:06:43 +0300
Served asset /shows.js - 304 Not Modified (2ms)


Started GET "/assets/theaters.js?body=1" for 127.0.0.1 at 2013-03-03 12:06:43 +0300
Served asset /theaters.js - 304 Not Modified (1ms)


Started GET "/assets/user_sessions.js?body=1" for 127.0.0.1 at 2013-03-03 12:06:43 +0300
Served asset /user_sessions.js - 304 Not Modified (1ms)


Started GET "/assets/users.js?body=1" for 127.0.0.1 at 2013-03-03 12:06:43 +0300
Served asset /users.js - 304 Not Modified (2ms)


Started GET "/assets/application.js?body=1" for 127.0.0.1 at 2013-03-03 12:06:43 +0300
Served asset /application.js - 304 Not Modified (55ms)
Connecting to database specified by database.yml
Connecting to database specified by database.yml


Started GET "/users/new" for 127.0.0.1 at 2013-03-03 12:49:49 +0300
Processing by UsersController#new as HTML
  Rendered users/_form.html.erb (67.9ms)
  Rendered users/new.html.erb within layouts/application (79.0ms)
Completed 200 OK in 267ms (Views: 247.2ms | ActiveRecord: 0.1ms)


Started GET "/assets/application.css?body=1" for 127.0.0.1 at 2013-03-03 12:49:49 +0300
Served asset /application.css - 304 Not Modified (14ms)


Started GET "/assets/bookings.css?body=1" for 127.0.0.1 at 2013-03-03 12:49:49 +0300
Served asset /bookings.css - 304 Not Modified (2ms)


Started GET "/assets/cinemas.css?body=1" for 127.0.0.1 at 2013-03-03 12:49:49 +0300
Served asset /cinemas.css - 304 Not Modified (2ms)


Started GET "/assets/movies.css?body=1" for 127.0.0.1 at 2013-03-03 12:49:49 +0300
Served asset /movies.css - 304 Not Modified (2ms)


Started GET "/assets/payments.css?body=1" for 127.0.0.1 at 2013-03-03 12:49:49 +0300
Served asset /payments.css - 304 Not Modified (1ms)


Started GET "/assets/scaffolds.css?body=1" for 127.0.0.1 at 2013-03-03 12:49:49 +0300
Served asset /scaffolds.css - 304 Not Modified (3ms)


Started GET "/assets/seats.css?body=1" for 127.0.0.1 at 2013-03-03 12:49:49 +0300
Served asset /seats.css - 304 Not Modified (2ms)


Started GET "/assets/shows.css?body=1" for 127.0.0.1 at 2013-03-03 12:49:49 +0300
Served asset /shows.css - 304 Not Modified (2ms)


Started GET "/assets/theaters.css?body=1" for 127.0.0.1 at 2013-03-03 12:49:49 +0300
Served asset /theaters.css - 304 Not Modified (2ms)


Started GET "/assets/user_sessions.css?body=1" for 127.0.0.1 at 2013-03-03 12:49:49 +0300
Served asset /user_sessions.css - 304 Not Modified (1ms)


Started GET "/assets/users.css?body=1" for 127.0.0.1 at 2013-03-03 12:49:49 +0300
Served asset /users.css - 304 Not Modified (2ms)


Started GET "/assets/jquery.js?body=1" for 127.0.0.1 at 2013-03-03 12:49:49 +0300
Served asset /jquery.js - 304 Not Modified (3ms)


Started GET "/assets/jquery_ujs.js?body=1" for 127.0.0.1 at 2013-03-03 12:49:49 +0300
Served asset /jquery_ujs.js - 304 Not Modified (3ms)


Started GET "/assets/bookings.js?body=1" for 127.0.0.1 at 2013-03-03 12:49:49 +0300
Served asset /bookings.js - 304 Not Modified (1ms)


Started GET "/assets/cinemas.js?body=1" for 127.0.0.1 at 2013-03-03 12:49:49 +0300
Served asset /cinemas.js - 304 Not Modified (1ms)


Started GET "/assets/movies.js?body=1" for 127.0.0.1 at 2013-03-03 12:49:49 +0300
Served asset /movies.js - 304 Not Modified (1ms)


Started GET "/assets/payments.js?body=1" for 127.0.0.1 at 2013-03-03 12:49:49 +0300
Served asset /payments.js - 304 Not Modified (1ms)


Started GET "/assets/seats.js?body=1" for 127.0.0.1 at 2013-03-03 12:49:49 +0300
Served asset /seats.js - 304 Not Modified (2ms)


Started GET "/assets/shows.js?body=1" for 127.0.0.1 at 2013-03-03 12:49:49 +0300
Served asset /shows.js - 304 Not Modified (2ms)


Started GET "/assets/theaters.js?body=1" for 127.0.0.1 at 2013-03-03 12:49:49 +0300
Served asset /theaters.js - 304 Not Modified (1ms)


Started GET "/assets/user_sessions.js?body=1" for 127.0.0.1 at 2013-03-03 12:49:49 +0300
Served asset /user_sessions.js - 304 Not Modified (1ms)


Started GET "/assets/users.js?body=1" for 127.0.0.1 at 2013-03-03 12:49:49 +0300
Served asset /users.js - 304 Not Modified (2ms)


Started GET "/assets/application.js?body=1" for 127.0.0.1 at 2013-03-03 12:49:49 +0300
Served asset /application.js - 304 Not Modified (54ms)


Started POST "/users" for 127.0.0.1 at 2013-03-03 12:50:18 +0300
Processing by UsersController#create as HTML
  Parameters: {"utf8"=>"✓", "authenticity_token"=>"hgmgqi91DH4ZuTXHhO+x9rPFVt09ngfKwc5u1fHagiQ=", "user"=>{"name"=>"sarah", "email"=>"sarahmustafa93@gmail.com", "username"=>"sarahmustafa", "password"=>"[FILTERED]", "password_confirmation"=>"[FILTERED]", "billing_address"=>"", "creditcard_num"=>"", "creditcard_type"=>"", "security_num"=>""}, "commit"=>"Create User"}
  [1m[36m (0.1ms)[0m  [1mbegin transaction[0m
Binary data inserted for `string` type on column `crypted_password`
  [1m[35mSQL (36.4ms)[0m  INSERT INTO "users" ("billing_address", "created_at", "creditcard_num", "creditcard_type", "crypted_password", "email", "is_admin", "is_customer", "is_manager", "name", "reward_points", "salt", "security_num", "updated_at", "username") VALUES (?, ?, ?, ?, ?, ?, ?, ?, ?, ?, ?, ?, ?, ?, ?)  [["billing_address", ""], ["created_at", Sun, 03 Mar 2013 09:50:18 UTC +00:00], ["creditcard_num", nil], ["creditcard_type", ""], ["crypted_password", "$2a$10$ft1y6T6J.0LTMOD/jLrOiuBDYBlmDeGCvAnlSiREG.43/MT33pNKu"], ["email", "sarahmustafa93@gmail.com"], ["is_admin", nil], ["is_customer", nil], ["is_manager", nil], ["name", "sarah"], ["reward_points", nil], ["salt", "x8TV8oTCpX696H96csv1"], ["security_num", nil], ["updated_at", Sun, 03 Mar 2013 09:50:18 UTC +00:00], ["username", "sarahmustafa"]]
  [1m[36m (10.5ms)[0m  [1mcommit transaction[0m
Redirected to http://localhost:3000/users
Completed 302 Found in 643ms (ActiveRecord: 47.0ms)


Started GET "/users" for 127.0.0.1 at 2013-03-03 12:50:19 +0300
Processing by UsersController#index as HTML
  [1m[35mUser Load (0.2ms)[0m  SELECT "users".* FROM "users" 
  Rendered users/index.html.erb within layouts/application (3.3ms)
Completed 200 OK in 60ms (Views: 57.4ms | ActiveRecord: 0.2ms)


Started GET "/assets/application.css?body=1" for 127.0.0.1 at 2013-03-03 12:50:19 +0300
Served asset /application.css - 304 Not Modified (1ms)


Started GET "/assets/bookings.css?body=1" for 127.0.0.1 at 2013-03-03 12:50:19 +0300
Served asset /bookings.css - 304 Not Modified (0ms)


Started GET "/assets/cinemas.css?body=1" for 127.0.0.1 at 2013-03-03 12:50:19 +0300
Served asset /cinemas.css - 304 Not Modified (0ms)


Started GET "/assets/movies.css?body=1" for 127.0.0.1 at 2013-03-03 12:50:19 +0300
Served asset /movies.css - 304 Not Modified (0ms)


Started GET "/assets/payments.css?body=1" for 127.0.0.1 at 2013-03-03 12:50:19 +0300
Served asset /payments.css - 304 Not Modified (0ms)


Started GET "/assets/scaffolds.css?body=1" for 127.0.0.1 at 2013-03-03 12:50:19 +0300
Served asset /scaffolds.css - 304 Not Modified (0ms)


Started GET "/assets/seats.css?body=1" for 127.0.0.1 at 2013-03-03 12:50:19 +0300
Served asset /seats.css - 304 Not Modified (0ms)


Started GET "/assets/shows.css?body=1" for 127.0.0.1 at 2013-03-03 12:50:19 +0300
Served asset /shows.css - 304 Not Modified (0ms)


Started GET "/assets/theaters.css?body=1" for 127.0.0.1 at 2013-03-03 12:50:19 +0300
Served asset /theaters.css - 304 Not Modified (0ms)


Started GET "/assets/user_sessions.css?body=1" for 127.0.0.1 at 2013-03-03 12:50:19 +0300
Served asset /user_sessions.css - 304 Not Modified (0ms)


Started GET "/assets/users.css?body=1" for 127.0.0.1 at 2013-03-03 12:50:19 +0300
Served asset /users.css - 304 Not Modified (0ms)


Started GET "/assets/jquery.js?body=1" for 127.0.0.1 at 2013-03-03 12:50:19 +0300
Served asset /jquery.js - 304 Not Modified (0ms)


Started GET "/assets/jquery_ujs.js?body=1" for 127.0.0.1 at 2013-03-03 12:50:19 +0300
Served asset /jquery_ujs.js - 304 Not Modified (0ms)


Started GET "/assets/bookings.js?body=1" for 127.0.0.1 at 2013-03-03 12:50:19 +0300
Served asset /bookings.js - 304 Not Modified (0ms)


Started GET "/assets/cinemas.js?body=1" for 127.0.0.1 at 2013-03-03 12:50:19 +0300
Served asset /cinemas.js - 304 Not Modified (0ms)


Started GET "/assets/movies.js?body=1" for 127.0.0.1 at 2013-03-03 12:50:19 +0300
Served asset /movies.js - 304 Not Modified (0ms)


Started GET "/assets/payments.js?body=1" for 127.0.0.1 at 2013-03-03 12:50:19 +0300
Served asset /payments.js - 304 Not Modified (0ms)


Started GET "/assets/seats.js?body=1" for 127.0.0.1 at 2013-03-03 12:50:19 +0300
Served asset /seats.js - 304 Not Modified (0ms)


Started GET "/assets/shows.js?body=1" for 127.0.0.1 at 2013-03-03 12:50:19 +0300
Served asset /shows.js - 304 Not Modified (0ms)


Started GET "/assets/theaters.js?body=1" for 127.0.0.1 at 2013-03-03 12:50:19 +0300
Served asset /theaters.js - 304 Not Modified (0ms)


Started GET "/assets/user_sessions.js?body=1" for 127.0.0.1 at 2013-03-03 12:50:19 +0300
Served asset /user_sessions.js - 304 Not Modified (0ms)


Started GET "/assets/users.js?body=1" for 127.0.0.1 at 2013-03-03 12:50:19 +0300
Served asset /users.js - 304 Not Modified (0ms)


Started GET "/assets/application.js?body=1" for 127.0.0.1 at 2013-03-03 12:50:19 +0300
Served asset /application.js - 304 Not Modified (1ms)


Started GET "/login" for 127.0.0.1 at 2013-03-03 12:50:30 +0300
Processing by UserSessionsController#new as HTML
  Rendered user_sessions/_form.html.erb (2.0ms)
  Rendered user_sessions/new.html.erb within layouts/application (4.3ms)
Completed 200 OK in 23ms (Views: 22.8ms | ActiveRecord: 0.0ms)


Started GET "/assets/application.css?body=1" for 127.0.0.1 at 2013-03-03 12:50:30 +0300
Served asset /application.css - 304 Not Modified (0ms)


Started GET "/assets/bookings.css?body=1" for 127.0.0.1 at 2013-03-03 12:50:30 +0300
Served asset /bookings.css - 304 Not Modified (0ms)


Started GET "/assets/cinemas.css?body=1" for 127.0.0.1 at 2013-03-03 12:50:30 +0300
Served asset /cinemas.css - 304 Not Modified (0ms)


Started GET "/assets/movies.css?body=1" for 127.0.0.1 at 2013-03-03 12:50:30 +0300
Served asset /movies.css - 304 Not Modified (0ms)


Started GET "/assets/payments.css?body=1" for 127.0.0.1 at 2013-03-03 12:50:30 +0300
Served asset /payments.css - 304 Not Modified (0ms)


Started GET "/assets/scaffolds.css?body=1" for 127.0.0.1 at 2013-03-03 12:50:30 +0300
Served asset /scaffolds.css - 304 Not Modified (0ms)


Started GET "/assets/seats.css?body=1" for 127.0.0.1 at 2013-03-03 12:50:30 +0300
Served asset /seats.css - 304 Not Modified (0ms)


Started GET "/assets/shows.css?body=1" for 127.0.0.1 at 2013-03-03 12:50:30 +0300
Served asset /shows.css - 304 Not Modified (0ms)


Started GET "/assets/theaters.css?body=1" for 127.0.0.1 at 2013-03-03 12:50:30 +0300
Served asset /theaters.css - 304 Not Modified (0ms)


Started GET "/assets/user_sessions.css?body=1" for 127.0.0.1 at 2013-03-03 12:50:30 +0300
Served asset /user_sessions.css - 304 Not Modified (0ms)


Started GET "/assets/users.css?body=1" for 127.0.0.1 at 2013-03-03 12:50:30 +0300
Served asset /users.css - 304 Not Modified (0ms)


Started GET "/assets/jquery.js?body=1" for 127.0.0.1 at 2013-03-03 12:50:30 +0300
Served asset /jquery.js - 304 Not Modified (0ms)


Started GET "/assets/jquery_ujs.js?body=1" for 127.0.0.1 at 2013-03-03 12:50:30 +0300
Served asset /jquery_ujs.js - 304 Not Modified (0ms)


Started GET "/assets/bookings.js?body=1" for 127.0.0.1 at 2013-03-03 12:50:30 +0300
Served asset /bookings.js - 304 Not Modified (0ms)


Started GET "/assets/cinemas.js?body=1" for 127.0.0.1 at 2013-03-03 12:50:30 +0300
Served asset /cinemas.js - 304 Not Modified (0ms)


Started GET "/assets/movies.js?body=1" for 127.0.0.1 at 2013-03-03 12:50:30 +0300
Served asset /movies.js - 304 Not Modified (0ms)


Started GET "/assets/payments.js?body=1" for 127.0.0.1 at 2013-03-03 12:50:30 +0300
Served asset /payments.js - 304 Not Modified (0ms)


Started GET "/assets/seats.js?body=1" for 127.0.0.1 at 2013-03-03 12:50:30 +0300
Served asset /seats.js - 304 Not Modified (0ms)


Started GET "/assets/shows.js?body=1" for 127.0.0.1 at 2013-03-03 12:50:30 +0300
Served asset /shows.js - 304 Not Modified (0ms)


Started GET "/assets/theaters.js?body=1" for 127.0.0.1 at 2013-03-03 12:50:30 +0300
Served asset /theaters.js - 304 Not Modified (0ms)


Started GET "/assets/user_sessions.js?body=1" for 127.0.0.1 at 2013-03-03 12:50:30 +0300
Served asset /user_sessions.js - 304 Not Modified (0ms)


Started GET "/assets/users.js?body=1" for 127.0.0.1 at 2013-03-03 12:50:30 +0300
Served asset /users.js - 304 Not Modified (0ms)


Started GET "/assets/application.js?body=1" for 127.0.0.1 at 2013-03-03 12:50:30 +0300
Served asset /application.js - 304 Not Modified (0ms)


Started POST "/user_sessions" for 127.0.0.1 at 2013-03-03 12:50:33 +0300
Processing by UserSessionsController#create as HTML
  Parameters: {"utf8"=>"✓", "authenticity_token"=>"hgmgqi91DH4ZuTXHhO+x9rPFVt09ngfKwc5u1fHagiQ=", "username"=>"sarahmustafa93@gmail.com", "password"=>"[FILTERED]", "commit"=>"Login"}
  [1m[36mUser Load (0.3ms)[0m  [1mSELECT "users".* FROM "users" WHERE (username = 'sarahmustafa93@gmail.com') LIMIT 1[0m
  Rendered user_sessions/_form.html.erb (1.2ms)
  Rendered user_sessions/new.html.erb within layouts/application (2.4ms)
Completed 200 OK in 60ms (Views: 56.6ms | ActiveRecord: 0.3ms)


Started GET "/assets/application.css?body=1" for 127.0.0.1 at 2013-03-03 12:50:33 +0300
Served asset /application.css - 304 Not Modified (1ms)


Started GET "/assets/bookings.css?body=1" for 127.0.0.1 at 2013-03-03 12:50:33 +0300
Served asset /bookings.css - 304 Not Modified (0ms)


Started GET "/assets/cinemas.css?body=1" for 127.0.0.1 at 2013-03-03 12:50:33 +0300
Served asset /cinemas.css - 304 Not Modified (0ms)


Started GET "/assets/movies.css?body=1" for 127.0.0.1 at 2013-03-03 12:50:33 +0300
Served asset /movies.css - 304 Not Modified (0ms)


Started GET "/assets/payments.css?body=1" for 127.0.0.1 at 2013-03-03 12:50:33 +0300
Served asset /payments.css - 304 Not Modified (0ms)


Started GET "/assets/scaffolds.css?body=1" for 127.0.0.1 at 2013-03-03 12:50:33 +0300
Served asset /scaffolds.css - 304 Not Modified (0ms)


Started GET "/assets/seats.css?body=1" for 127.0.0.1 at 2013-03-03 12:50:33 +0300
Served asset /seats.css - 304 Not Modified (0ms)


Started GET "/assets/shows.css?body=1" for 127.0.0.1 at 2013-03-03 12:50:33 +0300
Served asset /shows.css - 304 Not Modified (0ms)


Started GET "/assets/theaters.css?body=1" for 127.0.0.1 at 2013-03-03 12:50:33 +0300
Served asset /theaters.css - 304 Not Modified (0ms)


Started GET "/assets/user_sessions.css?body=1" for 127.0.0.1 at 2013-03-03 12:50:33 +0300
Served asset /user_sessions.css - 304 Not Modified (0ms)


Started GET "/assets/users.css?body=1" for 127.0.0.1 at 2013-03-03 12:50:33 +0300
Served asset /users.css - 304 Not Modified (0ms)


Started GET "/assets/jquery.js?body=1" for 127.0.0.1 at 2013-03-03 12:50:33 +0300
Served asset /jquery.js - 304 Not Modified (0ms)


Started GET "/assets/jquery_ujs.js?body=1" for 127.0.0.1 at 2013-03-03 12:50:33 +0300
Served asset /jquery_ujs.js - 304 Not Modified (0ms)


Started GET "/assets/bookings.js?body=1" for 127.0.0.1 at 2013-03-03 12:50:33 +0300
Served asset /bookings.js - 304 Not Modified (0ms)


Started GET "/assets/cinemas.js?body=1" for 127.0.0.1 at 2013-03-03 12:50:33 +0300
Served asset /cinemas.js - 304 Not Modified (0ms)


Started GET "/assets/movies.js?body=1" for 127.0.0.1 at 2013-03-03 12:50:33 +0300
Served asset /movies.js - 304 Not Modified (0ms)


Started GET "/assets/payments.js?body=1" for 127.0.0.1 at 2013-03-03 12:50:33 +0300
Served asset /payments.js - 304 Not Modified (0ms)


Started GET "/assets/seats.js?body=1" for 127.0.0.1 at 2013-03-03 12:50:33 +0300
Served asset /seats.js - 304 Not Modified (0ms)


Started GET "/assets/shows.js?body=1" for 127.0.0.1 at 2013-03-03 12:50:33 +0300
Served asset /shows.js - 304 Not Modified (0ms)


Started GET "/assets/theaters.js?body=1" for 127.0.0.1 at 2013-03-03 12:50:33 +0300
Served asset /theaters.js - 304 Not Modified (0ms)


Started GET "/assets/user_sessions.js?body=1" for 127.0.0.1 at 2013-03-03 12:50:33 +0300
Served asset /user_sessions.js - 304 Not Modified (0ms)


Started GET "/assets/users.js?body=1" for 127.0.0.1 at 2013-03-03 12:50:33 +0300
Served asset /users.js - 304 Not Modified (0ms)


Started GET "/assets/application.js?body=1" for 127.0.0.1 at 2013-03-03 12:50:33 +0300
Served asset /application.js - 304 Not Modified (0ms)


Started POST "/user_sessions" for 127.0.0.1 at 2013-03-03 12:50:39 +0300
Processing by UserSessionsController#create as HTML
  Parameters: {"utf8"=>"✓", "authenticity_token"=>"hgmgqi91DH4ZuTXHhO+x9rPFVt09ngfKwc5u1fHagiQ=", "username"=>"sarahmustafa93@gmail.com", "password"=>"[FILTERED]", "commit"=>"Login"}
  [1m[35mUser Load (0.2ms)[0m  SELECT "users".* FROM "users" WHERE (username = 'sarahmustafa93@gmail.com') LIMIT 1
  Rendered user_sessions/_form.html.erb (1.1ms)
  Rendered user_sessions/new.html.erb within layouts/application (2.2ms)
Completed 200 OK in 21ms (Views: 19.5ms | ActiveRecord: 0.2ms)


Started GET "/assets/application.css?body=1" for 127.0.0.1 at 2013-03-03 12:50:39 +0300
Served asset /application.css - 304 Not Modified (1ms)


Started GET "/assets/bookings.css?body=1" for 127.0.0.1 at 2013-03-03 12:50:39 +0300
Served asset /bookings.css - 304 Not Modified (0ms)


Started GET "/assets/cinemas.css?body=1" for 127.0.0.1 at 2013-03-03 12:50:39 +0300
Served asset /cinemas.css - 304 Not Modified (0ms)


Started GET "/assets/movies.css?body=1" for 127.0.0.1 at 2013-03-03 12:50:39 +0300
Served asset /movies.css - 304 Not Modified (0ms)


Started GET "/assets/payments.css?body=1" for 127.0.0.1 at 2013-03-03 12:50:39 +0300
Served asset /payments.css - 304 Not Modified (0ms)


Started GET "/assets/scaffolds.css?body=1" for 127.0.0.1 at 2013-03-03 12:50:39 +0300
Served asset /scaffolds.css - 304 Not Modified (0ms)


Started GET "/assets/seats.css?body=1" for 127.0.0.1 at 2013-03-03 12:50:39 +0300
Served asset /seats.css - 304 Not Modified (0ms)


Started GET "/assets/shows.css?body=1" for 127.0.0.1 at 2013-03-03 12:50:39 +0300
Served asset /shows.css - 304 Not Modified (0ms)


Started GET "/assets/theaters.css?body=1" for 127.0.0.1 at 2013-03-03 12:50:39 +0300
Served asset /theaters.css - 304 Not Modified (0ms)


Started GET "/assets/user_sessions.css?body=1" for 127.0.0.1 at 2013-03-03 12:50:39 +0300
Served asset /user_sessions.css - 304 Not Modified (0ms)


Started GET "/assets/users.css?body=1" for 127.0.0.1 at 2013-03-03 12:50:39 +0300
Served asset /users.css - 304 Not Modified (0ms)


Started GET "/assets/jquery.js?body=1" for 127.0.0.1 at 2013-03-03 12:50:39 +0300
Served asset /jquery.js - 304 Not Modified (0ms)


Started GET "/assets/jquery_ujs.js?body=1" for 127.0.0.1 at 2013-03-03 12:50:39 +0300
Served asset /jquery_ujs.js - 304 Not Modified (0ms)


Started GET "/assets/bookings.js?body=1" for 127.0.0.1 at 2013-03-03 12:50:39 +0300
Served asset /bookings.js - 304 Not Modified (0ms)


Started GET "/assets/cinemas.js?body=1" for 127.0.0.1 at 2013-03-03 12:50:39 +0300
Served asset /cinemas.js - 304 Not Modified (0ms)


Started GET "/assets/movies.js?body=1" for 127.0.0.1 at 2013-03-03 12:50:39 +0300
Served asset /movies.js - 304 Not Modified (0ms)


Started GET "/assets/payments.js?body=1" for 127.0.0.1 at 2013-03-03 12:50:39 +0300
Served asset /payments.js - 304 Not Modified (0ms)


Started GET "/assets/seats.js?body=1" for 127.0.0.1 at 2013-03-03 12:50:39 +0300
Served asset /seats.js - 304 Not Modified (0ms)


Started GET "/assets/shows.js?body=1" for 127.0.0.1 at 2013-03-03 12:50:39 +0300
Served asset /shows.js - 304 Not Modified (0ms)


Started GET "/assets/theaters.js?body=1" for 127.0.0.1 at 2013-03-03 12:50:39 +0300
Served asset /theaters.js - 304 Not Modified (0ms)


Started GET "/assets/user_sessions.js?body=1" for 127.0.0.1 at 2013-03-03 12:50:39 +0300
Served asset /user_sessions.js - 304 Not Modified (0ms)


Started GET "/assets/users.js?body=1" for 127.0.0.1 at 2013-03-03 12:50:39 +0300
Served asset /users.js - 304 Not Modified (0ms)


Started GET "/assets/application.js?body=1" for 127.0.0.1 at 2013-03-03 12:50:39 +0300
Served asset /application.js - 304 Not Modified (0ms)


Started POST "/user_sessions" for 127.0.0.1 at 2013-03-03 12:50:48 +0300
Processing by UserSessionsController#create as HTML
  Parameters: {"utf8"=>"✓", "authenticity_token"=>"hgmgqi91DH4ZuTXHhO+x9rPFVt09ngfKwc5u1fHagiQ=", "username"=>"sarahmustafa", "password"=>"[FILTERED]", "commit"=>"Login"}
  [1m[36mUser Load (0.2ms)[0m  [1mSELECT "users".* FROM "users" WHERE (username = 'sarahmustafa') LIMIT 1[0m
Redirected to http://localhost:3000/users
Completed 302 Found in 584ms (ActiveRecord: 0.2ms)


Started GET "/users" for 127.0.0.1 at 2013-03-03 12:50:48 +0300
Processing by UsersController#index as HTML
  [1m[35mUser Load (0.2ms)[0m  SELECT "users".* FROM "users" 
  Rendered users/index.html.erb within layouts/application (1.8ms)
  [1m[36mUser Load (0.3ms)[0m  [1mSELECT "users".* FROM "users" WHERE "users"."id" = ? LIMIT 1[0m  [["id", 1]]
Completed 200 OK in 20ms (Views: 18.6ms | ActiveRecord: 0.5ms)


Started GET "/assets/application.css?body=1" for 127.0.0.1 at 2013-03-03 12:50:48 +0300
Served asset /application.css - 304 Not Modified (0ms)


Started GET "/assets/bookings.css?body=1" for 127.0.0.1 at 2013-03-03 12:50:48 +0300
Served asset /bookings.css - 304 Not Modified (0ms)


Started GET "/assets/cinemas.css?body=1" for 127.0.0.1 at 2013-03-03 12:50:48 +0300
Served asset /cinemas.css - 304 Not Modified (0ms)


Started GET "/assets/movies.css?body=1" for 127.0.0.1 at 2013-03-03 12:50:48 +0300
Served asset /movies.css - 304 Not Modified (0ms)


Started GET "/assets/payments.css?body=1" for 127.0.0.1 at 2013-03-03 12:50:48 +0300
Served asset /payments.css - 304 Not Modified (0ms)


Started GET "/assets/scaffolds.css?body=1" for 127.0.0.1 at 2013-03-03 12:50:48 +0300
Served asset /scaffolds.css - 304 Not Modified (0ms)


Started GET "/assets/seats.css?body=1" for 127.0.0.1 at 2013-03-03 12:50:48 +0300
Served asset /seats.css - 304 Not Modified (0ms)


Started GET "/assets/shows.css?body=1" for 127.0.0.1 at 2013-03-03 12:50:48 +0300
Served asset /shows.css - 304 Not Modified (0ms)


Started GET "/assets/theaters.css?body=1" for 127.0.0.1 at 2013-03-03 12:50:48 +0300
Served asset /theaters.css - 304 Not Modified (0ms)


Started GET "/assets/user_sessions.css?body=1" for 127.0.0.1 at 2013-03-03 12:50:48 +0300
Served asset /user_sessions.css - 304 Not Modified (0ms)


Started GET "/assets/users.css?body=1" for 127.0.0.1 at 2013-03-03 12:50:48 +0300
Served asset /users.css - 304 Not Modified (0ms)


Started GET "/assets/jquery.js?body=1" for 127.0.0.1 at 2013-03-03 12:50:48 +0300
Served asset /jquery.js - 304 Not Modified (0ms)


Started GET "/assets/jquery_ujs.js?body=1" for 127.0.0.1 at 2013-03-03 12:50:48 +0300
Served asset /jquery_ujs.js - 304 Not Modified (0ms)


Started GET "/assets/bookings.js?body=1" for 127.0.0.1 at 2013-03-03 12:50:48 +0300
Served asset /bookings.js - 304 Not Modified (0ms)


Started GET "/assets/cinemas.js?body=1" for 127.0.0.1 at 2013-03-03 12:50:48 +0300
Served asset /cinemas.js - 304 Not Modified (0ms)


Started GET "/assets/movies.js?body=1" for 127.0.0.1 at 2013-03-03 12:50:48 +0300
Served asset /movies.js - 304 Not Modified (0ms)


Started GET "/assets/payments.js?body=1" for 127.0.0.1 at 2013-03-03 12:50:48 +0300
Served asset /payments.js - 304 Not Modified (0ms)


Started GET "/assets/seats.js?body=1" for 127.0.0.1 at 2013-03-03 12:50:48 +0300
Served asset /seats.js - 304 Not Modified (0ms)


Started GET "/assets/shows.js?body=1" for 127.0.0.1 at 2013-03-03 12:50:48 +0300
Served asset /shows.js - 304 Not Modified (0ms)


Started GET "/assets/theaters.js?body=1" for 127.0.0.1 at 2013-03-03 12:50:48 +0300
Served asset /theaters.js - 304 Not Modified (0ms)


Started GET "/assets/user_sessions.js?body=1" for 127.0.0.1 at 2013-03-03 12:50:48 +0300
Served asset /user_sessions.js - 304 Not Modified (0ms)


Started GET "/assets/users.js?body=1" for 127.0.0.1 at 2013-03-03 12:50:48 +0300
Served asset /users.js - 304 Not Modified (0ms)


Started GET "/assets/application.js?body=1" for 127.0.0.1 at 2013-03-03 12:50:48 +0300
Served asset /application.js - 304 Not Modified (0ms)
Connecting to database specified by database.yml


Started GET "/users" for 127.0.0.1 at 2013-03-03 12:55:43 +0300
Processing by UsersController#index as HTML
  [1m[36mUser Load (0.2ms)[0m  [1mSELECT "users".* FROM "users" [0m
  Rendered users/index.html.erb within layouts/application (6.8ms)
  [1m[35mUser Load (5.0ms)[0m  SELECT "users".* FROM "users" WHERE "users"."id" = ? LIMIT 1  [["id", 1]]
Completed 200 OK in 155ms (Views: 128.0ms | ActiveRecord: 5.3ms)


Started GET "/assets/application.css?body=1" for 127.0.0.1 at 2013-03-03 12:55:43 +0300
Served asset /application.css - 304 Not Modified (14ms)


Started GET "/assets/bookings.css?body=1" for 127.0.0.1 at 2013-03-03 12:55:43 +0300
Served asset /bookings.css - 304 Not Modified (2ms)


Started GET "/assets/cinemas.css?body=1" for 127.0.0.1 at 2013-03-03 12:55:43 +0300
Served asset /cinemas.css - 304 Not Modified (2ms)


Started GET "/assets/movies.css?body=1" for 127.0.0.1 at 2013-03-03 12:55:43 +0300
Served asset /movies.css - 304 Not Modified (3ms)


Started GET "/assets/payments.css?body=1" for 127.0.0.1 at 2013-03-03 12:55:44 +0300
Served asset /payments.css - 304 Not Modified (2ms)


Started GET "/assets/scaffolds.css?body=1" for 127.0.0.1 at 2013-03-03 12:55:44 +0300
Served asset /scaffolds.css - 304 Not Modified (2ms)


Started GET "/assets/seats.css?body=1" for 127.0.0.1 at 2013-03-03 12:55:44 +0300
Served asset /seats.css - 304 Not Modified (3ms)


Started GET "/assets/shows.css?body=1" for 127.0.0.1 at 2013-03-03 12:55:44 +0300
Served asset /shows.css - 304 Not Modified (2ms)


Started GET "/assets/theaters.css?body=1" for 127.0.0.1 at 2013-03-03 12:55:44 +0300
Served asset /theaters.css - 304 Not Modified (2ms)


Started GET "/assets/user_sessions.css?body=1" for 127.0.0.1 at 2013-03-03 12:55:44 +0300
Served asset /user_sessions.css - 304 Not Modified (3ms)


Started GET "/assets/users.css?body=1" for 127.0.0.1 at 2013-03-03 12:55:44 +0300
Served asset /users.css - 304 Not Modified (2ms)


Started GET "/assets/jquery.js?body=1" for 127.0.0.1 at 2013-03-03 12:55:44 +0300
Served asset /jquery.js - 304 Not Modified (4ms)


Started GET "/assets/jquery_ujs.js?body=1" for 127.0.0.1 at 2013-03-03 12:55:44 +0300
Served asset /jquery_ujs.js - 304 Not Modified (4ms)


Started GET "/assets/bookings.js?body=1" for 127.0.0.1 at 2013-03-03 12:55:44 +0300
Served asset /bookings.js - 304 Not Modified (2ms)


Started GET "/assets/cinemas.js?body=1" for 127.0.0.1 at 2013-03-03 12:55:44 +0300
Served asset /cinemas.js - 304 Not Modified (1ms)


Started GET "/assets/movies.js?body=1" for 127.0.0.1 at 2013-03-03 12:55:44 +0300
Served asset /movies.js - 304 Not Modified (1ms)


Started GET "/assets/payments.js?body=1" for 127.0.0.1 at 2013-03-03 12:55:44 +0300
Served asset /payments.js - 304 Not Modified (1ms)


Started GET "/assets/seats.js?body=1" for 127.0.0.1 at 2013-03-03 12:55:44 +0300
Served asset /seats.js - 304 Not Modified (3ms)


Started GET "/assets/shows.js?body=1" for 127.0.0.1 at 2013-03-03 12:55:44 +0300
Served asset /shows.js - 304 Not Modified (2ms)


Started GET "/assets/theaters.js?body=1" for 127.0.0.1 at 2013-03-03 12:55:44 +0300
Served asset /theaters.js - 304 Not Modified (2ms)


Started GET "/assets/user_sessions.js?body=1" for 127.0.0.1 at 2013-03-03 12:55:44 +0300
Served asset /user_sessions.js - 304 Not Modified (3ms)


Started GET "/assets/users.js?body=1" for 127.0.0.1 at 2013-03-03 12:55:44 +0300
Served asset /users.js - 304 Not Modified (2ms)


Started GET "/assets/application.js?body=1" for 127.0.0.1 at 2013-03-03 12:55:44 +0300
Served asset /application.js - 304 Not Modified (19ms)


Started GET "/users" for 127.0.0.1 at 2013-03-03 12:57:57 +0300
Processing by UsersController#index as HTML
  [1m[36mUser Load (0.2ms)[0m  [1mSELECT "users".* FROM "users" [0m
  Rendered users/index.html.erb within layouts/application (1.7ms)
  [1m[35mUser Load (0.1ms)[0m  SELECT "users".* FROM "users" WHERE "users"."id" = ? LIMIT 1  [["id", 1]]
Completed 200 OK in 19ms (Views: 17.7ms | ActiveRecord: 0.3ms)


Started GET "/assets/application.css?body=1" for 127.0.0.1 at 2013-03-03 12:57:57 +0300
Served asset /application.css - 304 Not Modified (0ms)


Started GET "/assets/bookings.css?body=1" for 127.0.0.1 at 2013-03-03 12:57:57 +0300
Served asset /bookings.css - 304 Not Modified (0ms)


Started GET "/assets/cinemas.css?body=1" for 127.0.0.1 at 2013-03-03 12:57:57 +0300
Served asset /cinemas.css - 304 Not Modified (0ms)


Started GET "/assets/movies.css?body=1" for 127.0.0.1 at 2013-03-03 12:57:58 +0300
Served asset /movies.css - 304 Not Modified (0ms)


Started GET "/assets/payments.css?body=1" for 127.0.0.1 at 2013-03-03 12:57:58 +0300
Served asset /payments.css - 304 Not Modified (0ms)


Started GET "/assets/scaffolds.css?body=1" for 127.0.0.1 at 2013-03-03 12:57:58 +0300
Served asset /scaffolds.css - 304 Not Modified (0ms)


Started GET "/assets/seats.css?body=1" for 127.0.0.1 at 2013-03-03 12:57:58 +0300
Served asset /seats.css - 304 Not Modified (0ms)


Started GET "/assets/shows.css?body=1" for 127.0.0.1 at 2013-03-03 12:57:58 +0300
Served asset /shows.css - 304 Not Modified (0ms)


Started GET "/assets/theaters.css?body=1" for 127.0.0.1 at 2013-03-03 12:57:58 +0300
Served asset /theaters.css - 304 Not Modified (0ms)


Started GET "/assets/user_sessions.css?body=1" for 127.0.0.1 at 2013-03-03 12:57:58 +0300
Served asset /user_sessions.css - 304 Not Modified (0ms)


Started GET "/assets/users.css?body=1" for 127.0.0.1 at 2013-03-03 12:57:58 +0300
Served asset /users.css - 304 Not Modified (0ms)


Started GET "/assets/jquery.js?body=1" for 127.0.0.1 at 2013-03-03 12:57:58 +0300
Served asset /jquery.js - 304 Not Modified (0ms)


Started GET "/assets/jquery_ujs.js?body=1" for 127.0.0.1 at 2013-03-03 12:57:58 +0300
Served asset /jquery_ujs.js - 304 Not Modified (0ms)


Started GET "/assets/bookings.js?body=1" for 127.0.0.1 at 2013-03-03 12:57:58 +0300
Served asset /bookings.js - 304 Not Modified (0ms)


Started GET "/assets/cinemas.js?body=1" for 127.0.0.1 at 2013-03-03 12:57:58 +0300
Served asset /cinemas.js - 304 Not Modified (0ms)


Started GET "/assets/movies.js?body=1" for 127.0.0.1 at 2013-03-03 12:57:58 +0300
Served asset /movies.js - 304 Not Modified (0ms)


Started GET "/assets/payments.js?body=1" for 127.0.0.1 at 2013-03-03 12:57:58 +0300
Served asset /payments.js - 304 Not Modified (0ms)


Started GET "/assets/seats.js?body=1" for 127.0.0.1 at 2013-03-03 12:57:58 +0300
Served asset /seats.js - 304 Not Modified (0ms)


Started GET "/assets/shows.js?body=1" for 127.0.0.1 at 2013-03-03 12:57:58 +0300
Served asset /shows.js - 304 Not Modified (0ms)


Started GET "/assets/theaters.js?body=1" for 127.0.0.1 at 2013-03-03 12:57:58 +0300
Served asset /theaters.js - 304 Not Modified (0ms)


Started GET "/assets/user_sessions.js?body=1" for 127.0.0.1 at 2013-03-03 12:57:58 +0300
Served asset /user_sessions.js - 304 Not Modified (0ms)


Started GET "/assets/users.js?body=1" for 127.0.0.1 at 2013-03-03 12:57:58 +0300
Served asset /users.js - 304 Not Modified (0ms)


Started GET "/assets/application.js?body=1" for 127.0.0.1 at 2013-03-03 12:57:58 +0300
Served asset /application.js - 304 Not Modified (0ms)
Connecting to database specified by database.yml


Started GET "/users" for 127.0.0.1 at 2013-03-03 12:58:19 +0300
Processing by UsersController#index as HTML
  [1m[36mUser Load (0.2ms)[0m  [1mSELECT "users".* FROM "users" [0m
  Rendered users/index.html.erb within layouts/application (6.7ms)
  [1m[35mUser Load (4.8ms)[0m  SELECT "users".* FROM "users" WHERE "users"."id" = ? LIMIT 1  [["id", 1]]
Completed 200 OK in 160ms (Views: 133.3ms | ActiveRecord: 5.1ms)


Started GET "/assets/application.css?body=1" for 127.0.0.1 at 2013-03-03 12:58:19 +0300
Served asset /application.css - 304 Not Modified (13ms)


Started GET "/assets/bookings.css?body=1" for 127.0.0.1 at 2013-03-03 12:58:20 +0300
Served asset /bookings.css - 304 Not Modified (2ms)


Started GET "/assets/cinemas.css?body=1" for 127.0.0.1 at 2013-03-03 12:58:20 +0300
Served asset /cinemas.css - 304 Not Modified (1ms)


Started GET "/assets/movies.css?body=1" for 127.0.0.1 at 2013-03-03 12:58:20 +0300
Served asset /movies.css - 304 Not Modified (2ms)


Started GET "/assets/payments.css?body=1" for 127.0.0.1 at 2013-03-03 12:58:20 +0300
Served asset /payments.css - 304 Not Modified (1ms)


Started GET "/assets/scaffolds.css?body=1" for 127.0.0.1 at 2013-03-03 12:58:20 +0300
Served asset /scaffolds.css - 304 Not Modified (2ms)


Started GET "/assets/seats.css?body=1" for 127.0.0.1 at 2013-03-03 12:58:20 +0300
Served asset /seats.css - 304 Not Modified (2ms)


Started GET "/assets/shows.css?body=1" for 127.0.0.1 at 2013-03-03 12:58:20 +0300
Served asset /shows.css - 304 Not Modified (2ms)


Started GET "/assets/theaters.css?body=1" for 127.0.0.1 at 2013-03-03 12:58:20 +0300
Served asset /theaters.css - 304 Not Modified (1ms)


Started GET "/assets/user_sessions.css?body=1" for 127.0.0.1 at 2013-03-03 12:58:20 +0300
Served asset /user_sessions.css - 304 Not Modified (2ms)


Started GET "/assets/users.css?body=1" for 127.0.0.1 at 2013-03-03 12:58:20 +0300
Served asset /users.css - 304 Not Modified (1ms)


Started GET "/assets/jquery.js?body=1" for 127.0.0.1 at 2013-03-03 12:58:20 +0300
Served asset /jquery.js - 304 Not Modified (3ms)


Started GET "/assets/jquery_ujs.js?body=1" for 127.0.0.1 at 2013-03-03 12:58:20 +0300
Served asset /jquery_ujs.js - 304 Not Modified (2ms)


Started GET "/assets/bookings.js?body=1" for 127.0.0.1 at 2013-03-03 12:58:20 +0300
Served asset /bookings.js - 304 Not Modified (2ms)


Started GET "/assets/cinemas.js?body=1" for 127.0.0.1 at 2013-03-03 12:58:20 +0300
Served asset /cinemas.js - 304 Not Modified (2ms)


Started GET "/assets/movies.js?body=1" for 127.0.0.1 at 2013-03-03 12:58:20 +0300
Served asset /movies.js - 304 Not Modified (3ms)


Started GET "/assets/payments.js?body=1" for 127.0.0.1 at 2013-03-03 12:58:20 +0300
Served asset /payments.js - 304 Not Modified (2ms)


Started GET "/assets/seats.js?body=1" for 127.0.0.1 at 2013-03-03 12:58:20 +0300
Served asset /seats.js - 304 Not Modified (2ms)


Started GET "/assets/shows.js?body=1" for 127.0.0.1 at 2013-03-03 12:58:20 +0300
Served asset /shows.js - 304 Not Modified (2ms)


Started GET "/assets/theaters.js?body=1" for 127.0.0.1 at 2013-03-03 12:58:20 +0300
Served asset /theaters.js - 304 Not Modified (2ms)


Started GET "/assets/user_sessions.js?body=1" for 127.0.0.1 at 2013-03-03 12:58:20 +0300
Served asset /user_sessions.js - 304 Not Modified (1ms)


Started GET "/assets/users.js?body=1" for 127.0.0.1 at 2013-03-03 12:58:20 +0300
Served asset /users.js - 304 Not Modified (1ms)


Started GET "/assets/application.js?body=1" for 127.0.0.1 at 2013-03-03 12:58:20 +0300
Served asset /application.js - 304 Not Modified (13ms)


Started GET "/assets/application.css?body=1" for 127.0.0.1 at 2013-03-03 12:58:22 +0300
Served asset /application.css - 304 Not Modified (0ms)


Started GET "/assets/bookings.css?body=1" for 127.0.0.1 at 2013-03-03 12:58:22 +0300
Served asset /bookings.css - 304 Not Modified (0ms)


Started GET "/assets/cinemas.css?body=1" for 127.0.0.1 at 2013-03-03 12:58:22 +0300
Served asset /cinemas.css - 304 Not Modified (0ms)


Started GET "/assets/movies.css?body=1" for 127.0.0.1 at 2013-03-03 12:58:22 +0300
Served asset /movies.css - 304 Not Modified (0ms)


Started GET "/assets/payments.css?body=1" for 127.0.0.1 at 2013-03-03 12:58:22 +0300
Served asset /payments.css - 304 Not Modified (0ms)


Started GET "/assets/scaffolds.css?body=1" for 127.0.0.1 at 2013-03-03 12:58:22 +0300
Served asset /scaffolds.css - 304 Not Modified (0ms)


Started GET "/assets/seats.css?body=1" for 127.0.0.1 at 2013-03-03 12:58:22 +0300
Served asset /seats.css - 304 Not Modified (0ms)


Started GET "/assets/shows.css?body=1" for 127.0.0.1 at 2013-03-03 12:58:22 +0300
Served asset /shows.css - 304 Not Modified (0ms)


Started GET "/assets/theaters.css?body=1" for 127.0.0.1 at 2013-03-03 12:58:22 +0300
Served asset /theaters.css - 304 Not Modified (0ms)


Started GET "/assets/user_sessions.css?body=1" for 127.0.0.1 at 2013-03-03 12:58:22 +0300
Served asset /user_sessions.css - 304 Not Modified (0ms)


Started GET "/assets/users.css?body=1" for 127.0.0.1 at 2013-03-03 12:58:22 +0300
Served asset /users.css - 304 Not Modified (0ms)


Started GET "/assets/jquery.js?body=1" for 127.0.0.1 at 2013-03-03 12:58:22 +0300
Served asset /jquery.js - 304 Not Modified (0ms)


Started GET "/assets/jquery_ujs.js?body=1" for 127.0.0.1 at 2013-03-03 12:58:22 +0300
Served asset /jquery_ujs.js - 304 Not Modified (0ms)


Started GET "/assets/bookings.js?body=1" for 127.0.0.1 at 2013-03-03 12:58:22 +0300
Served asset /bookings.js - 304 Not Modified (0ms)


Started GET "/assets/cinemas.js?body=1" for 127.0.0.1 at 2013-03-03 12:58:22 +0300
Served asset /cinemas.js - 304 Not Modified (0ms)


Started GET "/assets/movies.js?body=1" for 127.0.0.1 at 2013-03-03 12:58:22 +0300
Served asset /movies.js - 304 Not Modified (0ms)


Started GET "/assets/payments.js?body=1" for 127.0.0.1 at 2013-03-03 12:58:22 +0300
Served asset /payments.js - 304 Not Modified (0ms)


Started GET "/assets/seats.js?body=1" for 127.0.0.1 at 2013-03-03 12:58:22 +0300
Served asset /seats.js - 304 Not Modified (0ms)


Started GET "/assets/shows.js?body=1" for 127.0.0.1 at 2013-03-03 12:58:22 +0300
Served asset /shows.js - 304 Not Modified (0ms)


Started GET "/assets/theaters.js?body=1" for 127.0.0.1 at 2013-03-03 12:58:22 +0300
Served asset /theaters.js - 304 Not Modified (0ms)


Started GET "/assets/user_sessions.js?body=1" for 127.0.0.1 at 2013-03-03 12:58:22 +0300
Served asset /user_sessions.js - 304 Not Modified (0ms)


Started GET "/assets/users.js?body=1" for 127.0.0.1 at 2013-03-03 12:58:22 +0300
Served asset /users.js - 304 Not Modified (0ms)


Started GET "/assets/application.js?body=1" for 127.0.0.1 at 2013-03-03 12:58:22 +0300
Served asset /application.js - 304 Not Modified (1ms)


Started POST "/user_sessions" for 127.0.0.1 at 2013-03-03 12:58:28 +0300
Processing by UserSessionsController#create as HTML
  Parameters: {"utf8"=>"✓", "authenticity_token"=>"hgmgqi91DH4ZuTXHhO+x9rPFVt09ngfKwc5u1fHagiQ=", "username"=>"sarahmustafa", "password"=>"[FILTERED]", "commit"=>"Login"}
  [1m[36mUser Load (0.2ms)[0m  [1mSELECT "users".* FROM "users" WHERE (username = 'sarahmustafa') LIMIT 1[0m
Redirected to http://localhost:3000/users
Completed 302 Found in 589ms (ActiveRecord: 0.2ms)


Started GET "/users" for 127.0.0.1 at 2013-03-03 12:58:28 +0300
Processing by UsersController#index as HTML
  [1m[35mUser Load (0.2ms)[0m  SELECT "users".* FROM "users" 
  Rendered users/index.html.erb within layouts/application (1.7ms)
  [1m[36mUser Load (0.1ms)[0m  [1mSELECT "users".* FROM "users" WHERE "users"."id" = ? LIMIT 1[0m  [["id", 1]]
Completed 200 OK in 19ms (Views: 17.5ms | ActiveRecord: 0.3ms)


Started GET "/assets/application.css?body=1" for 127.0.0.1 at 2013-03-03 12:58:28 +0300
Served asset /application.css - 304 Not Modified (0ms)


Started GET "/assets/bookings.css?body=1" for 127.0.0.1 at 2013-03-03 12:58:28 +0300
Served asset /bookings.css - 304 Not Modified (0ms)


Started GET "/assets/cinemas.css?body=1" for 127.0.0.1 at 2013-03-03 12:58:28 +0300
Served asset /cinemas.css - 304 Not Modified (0ms)


Started GET "/assets/movies.css?body=1" for 127.0.0.1 at 2013-03-03 12:58:28 +0300
Served asset /movies.css - 304 Not Modified (0ms)


Started GET "/assets/payments.css?body=1" for 127.0.0.1 at 2013-03-03 12:58:28 +0300
Served asset /payments.css - 304 Not Modified (0ms)


Started GET "/assets/scaffolds.css?body=1" for 127.0.0.1 at 2013-03-03 12:58:28 +0300
Served asset /scaffolds.css - 304 Not Modified (0ms)


Started GET "/assets/seats.css?body=1" for 127.0.0.1 at 2013-03-03 12:58:28 +0300
Served asset /seats.css - 304 Not Modified (0ms)


Started GET "/assets/shows.css?body=1" for 127.0.0.1 at 2013-03-03 12:58:28 +0300
Served asset /shows.css - 304 Not Modified (0ms)


Started GET "/assets/theaters.css?body=1" for 127.0.0.1 at 2013-03-03 12:58:28 +0300
Served asset /theaters.css - 304 Not Modified (0ms)


Started GET "/assets/user_sessions.css?body=1" for 127.0.0.1 at 2013-03-03 12:58:28 +0300
Served asset /user_sessions.css - 304 Not Modified (0ms)


Started GET "/assets/users.css?body=1" for 127.0.0.1 at 2013-03-03 12:58:28 +0300
Served asset /users.css - 304 Not Modified (0ms)


Started GET "/assets/jquery.js?body=1" for 127.0.0.1 at 2013-03-03 12:58:28 +0300
Served asset /jquery.js - 304 Not Modified (0ms)


Started GET "/assets/jquery_ujs.js?body=1" for 127.0.0.1 at 2013-03-03 12:58:28 +0300
Served asset /jquery_ujs.js - 304 Not Modified (0ms)


Started GET "/assets/bookings.js?body=1" for 127.0.0.1 at 2013-03-03 12:58:28 +0300
Served asset /bookings.js - 304 Not Modified (0ms)


Started GET "/assets/cinemas.js?body=1" for 127.0.0.1 at 2013-03-03 12:58:28 +0300
Served asset /cinemas.js - 304 Not Modified (0ms)


Started GET "/assets/movies.js?body=1" for 127.0.0.1 at 2013-03-03 12:58:28 +0300
Served asset /movies.js - 304 Not Modified (0ms)


Started GET "/assets/payments.js?body=1" for 127.0.0.1 at 2013-03-03 12:58:28 +0300
Served asset /payments.js - 304 Not Modified (0ms)


Started GET "/assets/seats.js?body=1" for 127.0.0.1 at 2013-03-03 12:58:28 +0300
Served asset /seats.js - 304 Not Modified (0ms)


Started GET "/assets/shows.js?body=1" for 127.0.0.1 at 2013-03-03 12:58:28 +0300
Served asset /shows.js - 304 Not Modified (0ms)


Started GET "/assets/theaters.js?body=1" for 127.0.0.1 at 2013-03-03 12:58:28 +0300
Served asset /theaters.js - 304 Not Modified (0ms)


Started GET "/assets/user_sessions.js?body=1" for 127.0.0.1 at 2013-03-03 12:58:28 +0300
Served asset /user_sessions.js - 304 Not Modified (0ms)


Started GET "/assets/users.js?body=1" for 127.0.0.1 at 2013-03-03 12:58:28 +0300
Served asset /users.js - 304 Not Modified (0ms)


Started GET "/assets/application.js?body=1" for 127.0.0.1 at 2013-03-03 12:58:28 +0300
Served asset /application.js - 304 Not Modified (0ms)


Started GET "/users" for 127.0.0.1 at 2013-03-03 12:59:33 +0300
Processing by UsersController#index as HTML
  [1m[35mUser Load (0.2ms)[0m  SELECT "users".* FROM "users" 
  Rendered users/index.html.erb within layouts/application (2.9ms)
  [1m[36mUser Load (0.1ms)[0m  [1mSELECT "users".* FROM "users" WHERE "users"."id" = ? LIMIT 1[0m  [["id", 1]]
Completed 200 OK in 21ms (Views: 19.7ms | ActiveRecord: 0.4ms)


Started GET "/assets/application.css?body=1" for 127.0.0.1 at 2013-03-03 12:59:33 +0300
Served asset /application.css - 304 Not Modified (1ms)


Started GET "/assets/bookings.css?body=1" for 127.0.0.1 at 2013-03-03 12:59:33 +0300
Served asset /bookings.css - 304 Not Modified (0ms)


Started GET "/assets/cinemas.css?body=1" for 127.0.0.1 at 2013-03-03 12:59:33 +0300
Served asset /cinemas.css - 304 Not Modified (0ms)


Started GET "/assets/movies.css?body=1" for 127.0.0.1 at 2013-03-03 12:59:33 +0300
Served asset /movies.css - 304 Not Modified (0ms)


Started GET "/assets/payments.css?body=1" for 127.0.0.1 at 2013-03-03 12:59:33 +0300
Served asset /payments.css - 304 Not Modified (0ms)


Started GET "/assets/scaffolds.css?body=1" for 127.0.0.1 at 2013-03-03 12:59:33 +0300
Served asset /scaffolds.css - 304 Not Modified (0ms)


Started GET "/assets/seats.css?body=1" for 127.0.0.1 at 2013-03-03 12:59:33 +0300
Served asset /seats.css - 304 Not Modified (0ms)


Started GET "/assets/shows.css?body=1" for 127.0.0.1 at 2013-03-03 12:59:33 +0300
Served asset /shows.css - 304 Not Modified (0ms)


Started GET "/assets/theaters.css?body=1" for 127.0.0.1 at 2013-03-03 12:59:33 +0300
Served asset /theaters.css - 304 Not Modified (0ms)


Started GET "/assets/user_sessions.css?body=1" for 127.0.0.1 at 2013-03-03 12:59:33 +0300
Served asset /user_sessions.css - 304 Not Modified (0ms)


Started GET "/assets/users.css?body=1" for 127.0.0.1 at 2013-03-03 12:59:33 +0300
Served asset /users.css - 304 Not Modified (0ms)


Started GET "/assets/jquery.js?body=1" for 127.0.0.1 at 2013-03-03 12:59:33 +0300
Served asset /jquery.js - 304 Not Modified (0ms)


Started GET "/assets/jquery_ujs.js?body=1" for 127.0.0.1 at 2013-03-03 12:59:33 +0300
Served asset /jquery_ujs.js - 304 Not Modified (0ms)


Started GET "/assets/bookings.js?body=1" for 127.0.0.1 at 2013-03-03 12:59:33 +0300
Served asset /bookings.js - 304 Not Modified (0ms)


Started GET "/assets/cinemas.js?body=1" for 127.0.0.1 at 2013-03-03 12:59:33 +0300
Served asset /cinemas.js - 304 Not Modified (0ms)


Started GET "/assets/movies.js?body=1" for 127.0.0.1 at 2013-03-03 12:59:33 +0300
Served asset /movies.js - 304 Not Modified (0ms)


Started GET "/assets/payments.js?body=1" for 127.0.0.1 at 2013-03-03 12:59:33 +0300
Served asset /payments.js - 304 Not Modified (0ms)


Started GET "/assets/seats.js?body=1" for 127.0.0.1 at 2013-03-03 12:59:33 +0300
Served asset /seats.js - 304 Not Modified (0ms)


Started GET "/assets/shows.js?body=1" for 127.0.0.1 at 2013-03-03 12:59:33 +0300
Served asset /shows.js - 304 Not Modified (0ms)


Started GET "/assets/theaters.js?body=1" for 127.0.0.1 at 2013-03-03 12:59:33 +0300
Served asset /theaters.js - 304 Not Modified (0ms)


Started GET "/assets/user_sessions.js?body=1" for 127.0.0.1 at 2013-03-03 12:59:33 +0300
Served asset /user_sessions.js - 304 Not Modified (0ms)


Started GET "/assets/users.js?body=1" for 127.0.0.1 at 2013-03-03 12:59:33 +0300
Served asset /users.js - 304 Not Modified (0ms)


Started GET "/assets/application.js?body=1" for 127.0.0.1 at 2013-03-03 12:59:33 +0300
Served asset /application.js - 304 Not Modified (1ms)
Connecting to database specified by database.yml


Started GET "/users" for 127.0.0.1 at 2013-03-05 10:59:51 +0300
Processing by UsersController#index as HTML
  [1m[36mUser Load (14.7ms)[0m  [1mSELECT "users".* FROM "users" [0m
  Rendered users/index.html.erb within layouts/application (27.9ms)
  [1m[35mUser Load (24.2ms)[0m  SELECT "users".* FROM "users" WHERE "users"."id" = ? LIMIT 1  [["id", 1]]
Completed 200 OK in 371ms (Views: 307.9ms | ActiveRecord: 39.0ms)


Started GET "/assets/application.css?body=1" for 127.0.0.1 at 2013-03-05 10:59:51 +0300
Served asset /application.css - 304 Not Modified (15ms)


Started GET "/assets/bookings.css?body=1" for 127.0.0.1 at 2013-03-05 10:59:51 +0300
Served asset /bookings.css - 304 Not Modified (2ms)


Started GET "/assets/cinemas.css?body=1" for 127.0.0.1 at 2013-03-05 10:59:51 +0300
Served asset /cinemas.css - 304 Not Modified (2ms)


Started GET "/assets/movies.css?body=1" for 127.0.0.1 at 2013-03-05 10:59:51 +0300
Served asset /movies.css - 304 Not Modified (2ms)


Started GET "/assets/payments.css?body=1" for 127.0.0.1 at 2013-03-05 10:59:51 +0300
Served asset /payments.css - 304 Not Modified (1ms)


Started GET "/assets/scaffolds.css?body=1" for 127.0.0.1 at 2013-03-05 10:59:51 +0300
Served asset /scaffolds.css - 304 Not Modified (2ms)


Started GET "/assets/seats.css?body=1" for 127.0.0.1 at 2013-03-05 10:59:51 +0300
Served asset /seats.css - 304 Not Modified (2ms)


Started GET "/assets/shows.css?body=1" for 127.0.0.1 at 2013-03-05 10:59:51 +0300
Served asset /shows.css - 304 Not Modified (2ms)


Started GET "/assets/theaters.css?body=1" for 127.0.0.1 at 2013-03-05 10:59:51 +0300
Served asset /theaters.css - 304 Not Modified (2ms)


Started GET "/assets/user_sessions.css?body=1" for 127.0.0.1 at 2013-03-05 10:59:51 +0300
Served asset /user_sessions.css - 304 Not Modified (2ms)


Started GET "/assets/jquery_ujs.js?body=1" for 127.0.0.1 at 2013-03-05 10:59:51 +0300
Served asset /jquery_ujs.js - 304 Not Modified (2ms)


Started GET "/assets/users.css?body=1" for 127.0.0.1 at 2013-03-05 10:59:52 +0300
Served asset /users.css - 304 Not Modified (2ms)


Started GET "/assets/jquery.js?body=1" for 127.0.0.1 at 2013-03-05 10:59:52 +0300
Served asset /jquery.js - 304 Not Modified (3ms)


Started GET "/assets/bookings.js?body=1" for 127.0.0.1 at 2013-03-05 10:59:52 +0300
Served asset /bookings.js - 304 Not Modified (1ms)


Started GET "/assets/cinemas.js?body=1" for 127.0.0.1 at 2013-03-05 10:59:52 +0300
Served asset /cinemas.js - 304 Not Modified (2ms)


Started GET "/assets/movies.js?body=1" for 127.0.0.1 at 2013-03-05 10:59:52 +0300
Served asset /movies.js - 304 Not Modified (2ms)


Started GET "/assets/payments.js?body=1" for 127.0.0.1 at 2013-03-05 10:59:52 +0300
Served asset /payments.js - 304 Not Modified (2ms)


Started GET "/assets/seats.js?body=1" for 127.0.0.1 at 2013-03-05 10:59:52 +0300
Served asset /seats.js - 304 Not Modified (1ms)


Started GET "/assets/shows.js?body=1" for 127.0.0.1 at 2013-03-05 10:59:52 +0300
Served asset /shows.js - 304 Not Modified (2ms)


Started GET "/assets/theaters.js?body=1" for 127.0.0.1 at 2013-03-05 10:59:52 +0300
Served asset /theaters.js - 304 Not Modified (2ms)


Started GET "/assets/user_sessions.js?body=1" for 127.0.0.1 at 2013-03-05 10:59:52 +0300
Served asset /user_sessions.js - 304 Not Modified (1ms)


Started GET "/assets/users.js?body=1" for 127.0.0.1 at 2013-03-05 10:59:52 +0300
Served asset /users.js - 304 Not Modified (3ms)


Started GET "/assets/application.js?body=1" for 127.0.0.1 at 2013-03-05 10:59:52 +0300
Served asset /application.js - 304 Not Modified (22ms)
Connecting to database specified by database.yml


Started GET "/logout" for 127.0.0.1 at 2013-03-05 11:05:43 +0300
Processing by UserSessionsController#destroy as HTML
  [1m[36mUser Load (5.0ms)[0m  [1mSELECT "users".* FROM "users" WHERE "users"."id" = ? LIMIT 1[0m  [["id", 1]]
Redirected to http://localhost:3000/users
Completed 302 Found in 104ms (ActiveRecord: 7.7ms)


Started GET "/users" for 127.0.0.1 at 2013-03-05 11:05:43 +0300
Processing by UsersController#index as HTML
  [1m[35mUser Load (0.2ms)[0m  SELECT "users".* FROM "users" 
  Rendered users/index.html.erb within layouts/application (35.0ms)
Completed 200 OK in 129ms (Views: 126.9ms | ActiveRecord: 0.2ms)


Started GET "/assets/application.css?body=1" for 127.0.0.1 at 2013-03-05 11:05:43 +0300
Served asset /application.css - 304 Not Modified (13ms)


Started GET "/assets/bookings.css?body=1" for 127.0.0.1 at 2013-03-05 11:05:43 +0300
Served asset /bookings.css - 304 Not Modified (2ms)


Started GET "/assets/cinemas.css?body=1" for 127.0.0.1 at 2013-03-05 11:05:43 +0300
Served asset /cinemas.css - 304 Not Modified (2ms)


Started GET "/assets/movies.css?body=1" for 127.0.0.1 at 2013-03-05 11:05:43 +0300
Served asset /movies.css - 304 Not Modified (2ms)


Started GET "/assets/payments.css?body=1" for 127.0.0.1 at 2013-03-05 11:05:43 +0300
Served asset /payments.css - 304 Not Modified (2ms)


Started GET "/assets/scaffolds.css?body=1" for 127.0.0.1 at 2013-03-05 11:05:43 +0300
Served asset /scaffolds.css - 304 Not Modified (1ms)


Started GET "/assets/seats.css?body=1" for 127.0.0.1 at 2013-03-05 11:05:43 +0300
Served asset /seats.css - 304 Not Modified (2ms)


Started GET "/assets/shows.css?body=1" for 127.0.0.1 at 2013-03-05 11:05:43 +0300
Served asset /shows.css - 304 Not Modified (2ms)


Started GET "/assets/theaters.css?body=1" for 127.0.0.1 at 2013-03-05 11:05:43 +0300
Served asset /theaters.css - 304 Not Modified (2ms)


Started GET "/assets/user_sessions.css?body=1" for 127.0.0.1 at 2013-03-05 11:05:43 +0300
Served asset /user_sessions.css - 304 Not Modified (3ms)


Started GET "/assets/users.css?body=1" for 127.0.0.1 at 2013-03-05 11:05:43 +0300
Served asset /users.css - 304 Not Modified (3ms)


Started GET "/assets/jquery.js?body=1" for 127.0.0.1 at 2013-03-05 11:05:43 +0300
Served asset /jquery.js - 304 Not Modified (3ms)


Started GET "/assets/jquery_ujs.js?body=1" for 127.0.0.1 at 2013-03-05 11:05:43 +0300
Served asset /jquery_ujs.js - 304 Not Modified (4ms)


Started GET "/assets/bookings.js?body=1" for 127.0.0.1 at 2013-03-05 11:05:43 +0300
Served asset /bookings.js - 304 Not Modified (2ms)


Started GET "/assets/cinemas.js?body=1" for 127.0.0.1 at 2013-03-05 11:05:43 +0300
Served asset /cinemas.js - 304 Not Modified (2ms)


Started GET "/assets/movies.js?body=1" for 127.0.0.1 at 2013-03-05 11:05:43 +0300
Served asset /movies.js - 304 Not Modified (2ms)


Started GET "/assets/payments.js?body=1" for 127.0.0.1 at 2013-03-05 11:05:43 +0300
Served asset /payments.js - 304 Not Modified (2ms)


Started GET "/assets/seats.js?body=1" for 127.0.0.1 at 2013-03-05 11:05:43 +0300
Served asset /seats.js - 304 Not Modified (2ms)


Started GET "/assets/shows.js?body=1" for 127.0.0.1 at 2013-03-05 11:05:43 +0300
Served asset /shows.js - 304 Not Modified (2ms)


Started GET "/assets/theaters.js?body=1" for 127.0.0.1 at 2013-03-05 11:05:43 +0300
Served asset /theaters.js - 304 Not Modified (1ms)


Started GET "/assets/user_sessions.js?body=1" for 127.0.0.1 at 2013-03-05 11:05:43 +0300
Served asset /user_sessions.js - 304 Not Modified (2ms)


Started GET "/assets/users.js?body=1" for 127.0.0.1 at 2013-03-05 11:05:43 +0300
Served asset /users.js - 304 Not Modified (2ms)


Started GET "/assets/application.js?body=1" for 127.0.0.1 at 2013-03-05 11:05:43 +0300
Served asset /application.js - 304 Not Modified (50ms)


Started GET "/users/new" for 127.0.0.1 at 2013-03-05 11:05:45 +0300
Processing by UsersController#new as HTML
  Rendered users/_form.html.erb (93.9ms)
  Rendered users/new.html.erb within layouts/application (113.9ms)
Completed 200 OK in 144ms (Views: 142.8ms | ActiveRecord: 0.0ms)


Started GET "/assets/application.css?body=1" for 127.0.0.1 at 2013-03-05 11:05:45 +0300
Served asset /application.css - 304 Not Modified (0ms)


Started GET "/assets/bookings.css?body=1" for 127.0.0.1 at 2013-03-05 11:05:45 +0300
Served asset /bookings.css - 304 Not Modified (0ms)


Started GET "/assets/cinemas.css?body=1" for 127.0.0.1 at 2013-03-05 11:05:45 +0300
Served asset /cinemas.css - 304 Not Modified (0ms)


Started GET "/assets/movies.css?body=1" for 127.0.0.1 at 2013-03-05 11:05:45 +0300
Served asset /movies.css - 304 Not Modified (0ms)


Started GET "/assets/payments.css?body=1" for 127.0.0.1 at 2013-03-05 11:05:45 +0300
Served asset /payments.css - 304 Not Modified (0ms)


Started GET "/assets/scaffolds.css?body=1" for 127.0.0.1 at 2013-03-05 11:05:45 +0300
Served asset /scaffolds.css - 304 Not Modified (0ms)


Started GET "/assets/seats.css?body=1" for 127.0.0.1 at 2013-03-05 11:05:45 +0300
Served asset /seats.css - 304 Not Modified (0ms)


Started GET "/assets/shows.css?body=1" for 127.0.0.1 at 2013-03-05 11:05:45 +0300
Served asset /shows.css - 304 Not Modified (0ms)


Started GET "/assets/theaters.css?body=1" for 127.0.0.1 at 2013-03-05 11:05:45 +0300
Served asset /theaters.css - 304 Not Modified (0ms)


Started GET "/assets/user_sessions.css?body=1" for 127.0.0.1 at 2013-03-05 11:05:46 +0300
Served asset /user_sessions.css - 304 Not Modified (0ms)


Started GET "/assets/users.css?body=1" for 127.0.0.1 at 2013-03-05 11:05:46 +0300
Served asset /users.css - 304 Not Modified (0ms)


Started GET "/assets/jquery.js?body=1" for 127.0.0.1 at 2013-03-05 11:05:46 +0300
Served asset /jquery.js - 304 Not Modified (0ms)


Started GET "/assets/jquery_ujs.js?body=1" for 127.0.0.1 at 2013-03-05 11:05:46 +0300
Served asset /jquery_ujs.js - 304 Not Modified (0ms)


Started GET "/assets/bookings.js?body=1" for 127.0.0.1 at 2013-03-05 11:05:46 +0300
Served asset /bookings.js - 304 Not Modified (0ms)


Started GET "/assets/cinemas.js?body=1" for 127.0.0.1 at 2013-03-05 11:05:46 +0300
Served asset /cinemas.js - 304 Not Modified (0ms)


Started GET "/assets/movies.js?body=1" for 127.0.0.1 at 2013-03-05 11:05:46 +0300
Served asset /movies.js - 304 Not Modified (0ms)


Started GET "/assets/payments.js?body=1" for 127.0.0.1 at 2013-03-05 11:05:46 +0300
Served asset /payments.js - 304 Not Modified (0ms)


Started GET "/assets/seats.js?body=1" for 127.0.0.1 at 2013-03-05 11:05:46 +0300
Served asset /seats.js - 304 Not Modified (0ms)


Started GET "/assets/shows.js?body=1" for 127.0.0.1 at 2013-03-05 11:05:46 +0300
Served asset /shows.js - 304 Not Modified (0ms)


Started GET "/assets/theaters.js?body=1" for 127.0.0.1 at 2013-03-05 11:05:46 +0300
Served asset /theaters.js - 304 Not Modified (0ms)


Started GET "/assets/user_sessions.js?body=1" for 127.0.0.1 at 2013-03-05 11:05:46 +0300
Served asset /user_sessions.js - 304 Not Modified (0ms)


Started GET "/assets/users.js?body=1" for 127.0.0.1 at 2013-03-05 11:05:46 +0300
Served asset /users.js - 304 Not Modified (0ms)


Started GET "/assets/application.js?body=1" for 127.0.0.1 at 2013-03-05 11:05:46 +0300
Served asset /application.js - 304 Not Modified (0ms)


Started POST "/users" for 127.0.0.1 at 2013-03-05 11:06:02 +0300
Processing by UsersController#create as HTML
  Parameters: {"utf8"=>"✓", "authenticity_token"=>"O8abxbPIM7dD87R71ADhA8phqpoEscebnoMha5/Y3JY=", "user"=>{"name"=>"Sarah", "email"=>"sarahmustafa93@gmail.com", "username"=>"sarahmustafa", "password"=>"[FILTERED]", "password_confirmation"=>"[FILTERED]", "billing_address"=>"", "creditcard_num"=>"", "creditcard_type"=>"", "security_num"=>""}, "commit"=>"Create User"}
  [1m[36m (0.1ms)[0m  [1mbegin transaction[0m
Binary data inserted for `string` type on column `crypted_password`
  [1m[35mSQL (40.0ms)[0m  INSERT INTO "users" ("billing_address", "created_at", "creditcard_num", "creditcard_type", "crypted_password", "email", "is_admin", "is_customer", "is_manager", "name", "reward_points", "salt", "security_num", "updated_at", "username") VALUES (?, ?, ?, ?, ?, ?, ?, ?, ?, ?, ?, ?, ?, ?, ?)  [["billing_address", ""], ["created_at", Tue, 05 Mar 2013 08:06:02 UTC +00:00], ["creditcard_num", nil], ["creditcard_type", ""], ["crypted_password", "$2a$10$Dhy874RxE0fP7h.wbh8iNOoLWVgY/mZxt5EAuS1Tn6cSxjGkEeiwW"], ["email", "sarahmustafa93@gmail.com"], ["is_admin", nil], ["is_customer", nil], ["is_manager", nil], ["name", "Sarah"], ["reward_points", nil], ["salt", "fDpjXEam2FfyDDts5mNc"], ["security_num", nil], ["updated_at", Tue, 05 Mar 2013 08:06:02 UTC +00:00], ["username", "sarahmustafa"]]
  [1m[36m (4.9ms)[0m  [1mcommit transaction[0m
Redirected to http://localhost:3000/users
Completed 302 Found in 672ms (ActiveRecord: 45.0ms)


Started GET "/users" for 127.0.0.1 at 2013-03-05 11:06:02 +0300
Processing by UsersController#index as HTML
  [1m[35mUser Load (0.2ms)[0m  SELECT "users".* FROM "users" 
  Rendered users/index.html.erb within layouts/application (3.2ms)
Completed 200 OK in 22ms (Views: 20.4ms | ActiveRecord: 0.2ms)


Started GET "/assets/application.css?body=1" for 127.0.0.1 at 2013-03-05 11:06:02 +0300
Served asset /application.css - 304 Not Modified (0ms)


Started GET "/assets/bookings.css?body=1" for 127.0.0.1 at 2013-03-05 11:06:02 +0300
Served asset /bookings.css - 304 Not Modified (0ms)


Started GET "/assets/cinemas.css?body=1" for 127.0.0.1 at 2013-03-05 11:06:02 +0300
Served asset /cinemas.css - 304 Not Modified (0ms)


Started GET "/assets/movies.css?body=1" for 127.0.0.1 at 2013-03-05 11:06:02 +0300
Served asset /movies.css - 304 Not Modified (0ms)


Started GET "/assets/payments.css?body=1" for 127.0.0.1 at 2013-03-05 11:06:02 +0300
Served asset /payments.css - 304 Not Modified (0ms)


Started GET "/assets/scaffolds.css?body=1" for 127.0.0.1 at 2013-03-05 11:06:02 +0300
Served asset /scaffolds.css - 304 Not Modified (0ms)


Started GET "/assets/seats.css?body=1" for 127.0.0.1 at 2013-03-05 11:06:02 +0300
Served asset /seats.css - 304 Not Modified (0ms)


Started GET "/assets/shows.css?body=1" for 127.0.0.1 at 2013-03-05 11:06:02 +0300
Served asset /shows.css - 304 Not Modified (0ms)


Started GET "/assets/theaters.css?body=1" for 127.0.0.1 at 2013-03-05 11:06:02 +0300
Served asset /theaters.css - 304 Not Modified (0ms)


Started GET "/assets/user_sessions.css?body=1" for 127.0.0.1 at 2013-03-05 11:06:03 +0300
Served asset /user_sessions.css - 304 Not Modified (0ms)


Started GET "/assets/users.css?body=1" for 127.0.0.1 at 2013-03-05 11:06:03 +0300
Served asset /users.css - 304 Not Modified (0ms)


Started GET "/assets/jquery.js?body=1" for 127.0.0.1 at 2013-03-05 11:06:03 +0300
Served asset /jquery.js - 304 Not Modified (0ms)


Started GET "/assets/jquery_ujs.js?body=1" for 127.0.0.1 at 2013-03-05 11:06:03 +0300
Served asset /jquery_ujs.js - 304 Not Modified (0ms)


Started GET "/assets/bookings.js?body=1" for 127.0.0.1 at 2013-03-05 11:06:03 +0300
Served asset /bookings.js - 304 Not Modified (0ms)


Started GET "/assets/cinemas.js?body=1" for 127.0.0.1 at 2013-03-05 11:06:03 +0300
Served asset /cinemas.js - 304 Not Modified (0ms)


Started GET "/assets/movies.js?body=1" for 127.0.0.1 at 2013-03-05 11:06:03 +0300
Served asset /movies.js - 304 Not Modified (0ms)


Started GET "/assets/payments.js?body=1" for 127.0.0.1 at 2013-03-05 11:06:03 +0300
Served asset /payments.js - 304 Not Modified (0ms)


Started GET "/assets/seats.js?body=1" for 127.0.0.1 at 2013-03-05 11:06:03 +0300
Served asset /seats.js - 304 Not Modified (0ms)


Started GET "/assets/shows.js?body=1" for 127.0.0.1 at 2013-03-05 11:06:03 +0300
Served asset /shows.js - 304 Not Modified (0ms)


Started GET "/assets/theaters.js?body=1" for 127.0.0.1 at 2013-03-05 11:06:03 +0300
Served asset /theaters.js - 304 Not Modified (0ms)


Started GET "/assets/user_sessions.js?body=1" for 127.0.0.1 at 2013-03-05 11:06:03 +0300
Served asset /user_sessions.js - 304 Not Modified (0ms)


Started GET "/assets/users.js?body=1" for 127.0.0.1 at 2013-03-05 11:06:03 +0300
Served asset /users.js - 304 Not Modified (0ms)


Started GET "/assets/application.js?body=1" for 127.0.0.1 at 2013-03-05 11:06:03 +0300
Served asset /application.js - 304 Not Modified (0ms)


Started GET "/login" for 127.0.0.1 at 2013-03-05 11:06:07 +0300
Processing by UserSessionsController#new as HTML
  Rendered user_sessions/_form.html.erb (2.4ms)
  Rendered user_sessions/new.html.erb within layouts/application (4.7ms)
Completed 200 OK in 78ms (Views: 77.4ms | ActiveRecord: 0.0ms)


Started GET "/assets/application.css?body=1" for 127.0.0.1 at 2013-03-05 11:06:07 +0300
Served asset /application.css - 304 Not Modified (0ms)


Started GET "/assets/bookings.css?body=1" for 127.0.0.1 at 2013-03-05 11:06:07 +0300
Served asset /bookings.css - 304 Not Modified (0ms)


Started GET "/assets/cinemas.css?body=1" for 127.0.0.1 at 2013-03-05 11:06:07 +0300
Served asset /cinemas.css - 304 Not Modified (0ms)


Started GET "/assets/movies.css?body=1" for 127.0.0.1 at 2013-03-05 11:06:07 +0300
Served asset /movies.css - 304 Not Modified (0ms)


Started GET "/assets/payments.css?body=1" for 127.0.0.1 at 2013-03-05 11:06:07 +0300
Served asset /payments.css - 304 Not Modified (0ms)


Started GET "/assets/scaffolds.css?body=1" for 127.0.0.1 at 2013-03-05 11:06:07 +0300
Served asset /scaffolds.css - 304 Not Modified (0ms)


Started GET "/assets/seats.css?body=1" for 127.0.0.1 at 2013-03-05 11:06:07 +0300
Served asset /seats.css - 304 Not Modified (0ms)


Started GET "/assets/shows.css?body=1" for 127.0.0.1 at 2013-03-05 11:06:07 +0300
Served asset /shows.css - 304 Not Modified (0ms)


Started GET "/assets/theaters.css?body=1" for 127.0.0.1 at 2013-03-05 11:06:07 +0300
Served asset /theaters.css - 304 Not Modified (0ms)


Started GET "/assets/user_sessions.css?body=1" for 127.0.0.1 at 2013-03-05 11:06:07 +0300
Served asset /user_sessions.css - 304 Not Modified (0ms)


Started GET "/assets/users.css?body=1" for 127.0.0.1 at 2013-03-05 11:06:07 +0300
Served asset /users.css - 304 Not Modified (0ms)


Started GET "/assets/jquery.js?body=1" for 127.0.0.1 at 2013-03-05 11:06:07 +0300
Served asset /jquery.js - 304 Not Modified (0ms)


Started GET "/assets/jquery_ujs.js?body=1" for 127.0.0.1 at 2013-03-05 11:06:07 +0300
Served asset /jquery_ujs.js - 304 Not Modified (0ms)


Started GET "/assets/bookings.js?body=1" for 127.0.0.1 at 2013-03-05 11:06:07 +0300
Served asset /bookings.js - 304 Not Modified (0ms)


Started GET "/assets/cinemas.js?body=1" for 127.0.0.1 at 2013-03-05 11:06:07 +0300
Served asset /cinemas.js - 304 Not Modified (0ms)


Started GET "/assets/movies.js?body=1" for 127.0.0.1 at 2013-03-05 11:06:07 +0300
Served asset /movies.js - 304 Not Modified (0ms)


Started GET "/assets/payments.js?body=1" for 127.0.0.1 at 2013-03-05 11:06:07 +0300
Served asset /payments.js - 304 Not Modified (0ms)


Started GET "/assets/seats.js?body=1" for 127.0.0.1 at 2013-03-05 11:06:07 +0300
Served asset /seats.js - 304 Not Modified (0ms)


Started GET "/assets/shows.js?body=1" for 127.0.0.1 at 2013-03-05 11:06:07 +0300
Served asset /shows.js - 304 Not Modified (0ms)


Started GET "/assets/theaters.js?body=1" for 127.0.0.1 at 2013-03-05 11:06:07 +0300
Served asset /theaters.js - 304 Not Modified (0ms)


Started GET "/assets/user_sessions.js?body=1" for 127.0.0.1 at 2013-03-05 11:06:07 +0300
Served asset /user_sessions.js - 304 Not Modified (0ms)


Started GET "/assets/users.js?body=1" for 127.0.0.1 at 2013-03-05 11:06:07 +0300
Served asset /users.js - 304 Not Modified (0ms)


Started GET "/assets/application.js?body=1" for 127.0.0.1 at 2013-03-05 11:06:07 +0300
Served asset /application.js - 304 Not Modified (1ms)


Started POST "/user_sessions" for 127.0.0.1 at 2013-03-05 11:06:14 +0300
Processing by UserSessionsController#create as HTML
  Parameters: {"utf8"=>"✓", "authenticity_token"=>"O8abxbPIM7dD87R71ADhA8phqpoEscebnoMha5/Y3JY=", "username"=>"sarahmustafa", "password"=>"[FILTERED]", "commit"=>"Login"}
  [1m[36mUser Load (0.2ms)[0m  [1mSELECT "users".* FROM "users" WHERE (username = 'sarahmustafa') LIMIT 1[0m
Redirected to http://localhost:3000/users
Completed 302 Found in 589ms (ActiveRecord: 0.2ms)


Started GET "/users" for 127.0.0.1 at 2013-03-05 11:06:15 +0300
Processing by UsersController#index as HTML
  [1m[35mUser Load (0.2ms)[0m  SELECT "users".* FROM "users" 
  Rendered users/index.html.erb within layouts/application (2.5ms)
  [1m[36mUser Load (0.1ms)[0m  [1mSELECT "users".* FROM "users" WHERE "users"."id" = ? LIMIT 1[0m  [["id", 1]]
Completed 200 OK in 22ms (Views: 21.1ms | ActiveRecord: 0.3ms)


Started GET "/assets/application.css?body=1" for 127.0.0.1 at 2013-03-05 11:06:15 +0300
Served asset /application.css - 304 Not Modified (0ms)


Started GET "/assets/bookings.css?body=1" for 127.0.0.1 at 2013-03-05 11:06:15 +0300
Served asset /bookings.css - 304 Not Modified (0ms)


Started GET "/assets/cinemas.css?body=1" for 127.0.0.1 at 2013-03-05 11:06:15 +0300
Served asset /cinemas.css - 304 Not Modified (0ms)


Started GET "/assets/movies.css?body=1" for 127.0.0.1 at 2013-03-05 11:06:15 +0300
Served asset /movies.css - 304 Not Modified (0ms)


Started GET "/assets/payments.css?body=1" for 127.0.0.1 at 2013-03-05 11:06:15 +0300
Served asset /payments.css - 304 Not Modified (0ms)


Started GET "/assets/scaffolds.css?body=1" for 127.0.0.1 at 2013-03-05 11:06:15 +0300
Served asset /scaffolds.css - 304 Not Modified (0ms)


Started GET "/assets/seats.css?body=1" for 127.0.0.1 at 2013-03-05 11:06:15 +0300
Served asset /seats.css - 304 Not Modified (0ms)


Started GET "/assets/shows.css?body=1" for 127.0.0.1 at 2013-03-05 11:06:15 +0300
Served asset /shows.css - 304 Not Modified (0ms)


Started GET "/assets/theaters.css?body=1" for 127.0.0.1 at 2013-03-05 11:06:15 +0300
Served asset /theaters.css - 304 Not Modified (0ms)


Started GET "/assets/user_sessions.css?body=1" for 127.0.0.1 at 2013-03-05 11:06:15 +0300
Served asset /user_sessions.css - 304 Not Modified (0ms)


Started GET "/assets/users.css?body=1" for 127.0.0.1 at 2013-03-05 11:06:15 +0300
Served asset /users.css - 304 Not Modified (0ms)


Started GET "/assets/jquery.js?body=1" for 127.0.0.1 at 2013-03-05 11:06:15 +0300
Served asset /jquery.js - 304 Not Modified (0ms)


Started GET "/assets/jquery_ujs.js?body=1" for 127.0.0.1 at 2013-03-05 11:06:15 +0300
Served asset /jquery_ujs.js - 304 Not Modified (0ms)


Started GET "/assets/bookings.js?body=1" for 127.0.0.1 at 2013-03-05 11:06:15 +0300
Served asset /bookings.js - 304 Not Modified (0ms)


Started GET "/assets/cinemas.js?body=1" for 127.0.0.1 at 2013-03-05 11:06:15 +0300
Served asset /cinemas.js - 304 Not Modified (0ms)


Started GET "/assets/movies.js?body=1" for 127.0.0.1 at 2013-03-05 11:06:15 +0300
Served asset /movies.js - 304 Not Modified (0ms)


Started GET "/assets/payments.js?body=1" for 127.0.0.1 at 2013-03-05 11:06:15 +0300
Served asset /payments.js - 304 Not Modified (0ms)


Started GET "/assets/seats.js?body=1" for 127.0.0.1 at 2013-03-05 11:06:15 +0300
Served asset /seats.js - 304 Not Modified (0ms)


Started GET "/assets/shows.js?body=1" for 127.0.0.1 at 2013-03-05 11:06:15 +0300
Served asset /shows.js - 304 Not Modified (0ms)


Started GET "/assets/theaters.js?body=1" for 127.0.0.1 at 2013-03-05 11:06:15 +0300
Served asset /theaters.js - 304 Not Modified (0ms)


Started GET "/assets/user_sessions.js?body=1" for 127.0.0.1 at 2013-03-05 11:06:15 +0300
Served asset /user_sessions.js - 304 Not Modified (0ms)


Started GET "/assets/users.js?body=1" for 127.0.0.1 at 2013-03-05 11:06:15 +0300
Served asset /users.js - 304 Not Modified (0ms)


Started GET "/assets/application.js?body=1" for 127.0.0.1 at 2013-03-05 11:06:15 +0300
Served asset /application.js - 304 Not Modified (0ms)
